<?xml version="1.0" encoding="utf-8"?><testsuites name="pytest tests"><testsuite name="pytest" errors="0" failures="1" skipped="0" tests="5" time="0.786" timestamp="2026-09-05T16:56:34.669352+00:00" hostname="agent-env-3039e7a6-2a7f-49f6-9f74-ba3c1bc0bad6"><testcase classname="tests.test_cargo_auto_ship" name="test_dry_run_shopphp_trendyol" time="0.284" /><testcase classname="tests.test_cargo_auto_ship" name="test_no_live_no_allow_sim_returns_400" time="0.110" /><testcase classname="tests.test_cargo_auto_ship" name="test_dry_run_b2b_only" time="0.199" /><testcase classname="tests.test_cargo_auto_ship" name="test_runs_list" time="0.089" /><testcase classname="tests.test_cargo_auto_ship" name="test_safe_real_run_manual_channel" time="0.072"><failure message="AssertionError: {&quot;detail&quot;:[{&quot;type&quot;:&quot;missing&quot;,&quot;loc&quot;:[&quot;body&quot;,&quot;items&quot;,0,&quot;product_id&quot;],&quot;msg&quot;:&quot;Field required&quot;,&quot;input&quot;:{&quot;product_name&quot;:&quot;Test Ürün&quot;,&quot;quantity&quot;:1,&quot;unit_price&quot;:100,&quot;desi&quot;:1},&quot;url&quot;:&quot;https://errors.pydantic.dev/2.13/v/missing&quot;},{&quot;type&quot;:&quot;missing&quot;,&quot;loc&quot;:[&quot;body&quot;,&quot;items&quot;,0,&quot;sku&quot;],&quot;msg&quot;:&quot;Field required&quot;,&quot;input&quot;:{&quot;product_name&quot;:&quot;Test Ürün&quot;,&quot;quantity&quot;:1,&quot;unit_price&quot;:100,&quot;desi&quot;:1},&quot;url&quot;:&quot;https://errors.pydantic.dev/2.13/v/missing&quot;},{&quot;type&quot;:&quot;missing&quot;,&quot;loc&quot;:[&quot;body&quot;,&quot;items&quot;,0,&quot;total&quot;],&quot;msg&quot;:&quot;Field required&quot;,&quot;input&quot;:{&quot;product_name&quot;:&quot;Test Ürün&quot;,&quot;quantity&quot;:1,&quot;unit_price&quot;:100,&quot;desi&quot;:1},&quot;url&quot;:&quot;https://errors.pydantic.dev/2.13/v/missing&quot;}]}&#10;assert 422 in (200, 201)&#10; +  where 422 = &lt;Response [422]&gt;.status_code">backend/tests/test_cargo_auto_ship.py:58: in test_safe_real_run_manual_channel
    assert cr.status_code in (200, 201), cr.text
E   AssertionError: {"detail":[{"type":"missing","loc":["body","items",0,"product_id"],"msg":"Field required","input":{"product_name":"Test Ürün","quantity":1,"unit_price":100,"desi":1},"url":"https://errors.pydantic.dev/2.13/v/missing"},{"type":"missing","loc":["body","items",0,"sku"],"msg":"Field required","input":{"product_name":"Test Ürün","quantity":1,"unit_price":100,"desi":1},"url":"https://errors.pydantic.dev/2.13/v/missing"},{"type":"missing","loc":["body","items",0,"total"],"msg":"Field required","input":{"product_name":"Test Ürün","quantity":1,"unit_price":100,"desi":1},"url":"https://errors.pydantic.dev/2.13/v/missing"}]}
E   assert 422 in (200, 201)
E    +  where 422 = &lt;Response [422]&gt;.status_code</failure></testcase></testsuite></testsuites>