<?xml version="1.0" encoding="utf-8"?><testsuites name="pytest tests"><testsuite name="pytest" errors="0" failures="0" skipped="0" tests="7" time="3.449" timestamp="2026-09-04T21:45:49.444065+00:00" hostname="agent-env-3039e7a6-2a7f-49f6-9f74-ba3c1bc0bad6"><testcase classname="tests.test_iteration14.TestExpenses" name="test_default_categories" time="0.136" /><testcase classname="tests.test_iteration14.TestExpenses" name="test_add_custom_category" time="0.223" /><testcase classname="tests.test_iteration14.TestExpenses" name="test_expense_full_lifecycle" time="0.963" /><testcase classname="tests.test_iteration14.TestDispatch" name="test_dispatch_flow" time="0.975" /><testcase classname="tests.test_iteration14.TestPartnerTx" name="test_partner_tx_edit_delete" time="0.603" /><testcase classname="tests.test_iteration14.TestPartnerTx" name="test_profit_share_edit_blocked" time="0.101" /><testcase classname="tests.test_iteration14.TestBonusTypes" name="test_advance_and_expense" time="0.432" /></testsuite></testsuites>