<?xml version="1.0" encoding="utf-8"?><testsuites name="pytest tests"><testsuite name="pytest" errors="0" failures="0" skipped="0" tests="20" time="6.054" timestamp="2026-09-04T22:12:44.496248+00:00" hostname="agent-env-3039e7a6-2a7f-49f6-9f74-ba3c1bc0bad6"><testcase classname="tests.test_iteration15.TestExpenseBudgets" name="test_01_set_budget" time="0.182" /><testcase classname="tests.test_iteration15.TestLoans" name="test_01_extract_ai" time="5.026" /><testcase classname="tests.test_iteration15.TestExpenseBudgets" name="test_02_create_expense_triggers_warning" time="0.044" /><testcase classname="tests.test_iteration15.TestExpenseBudgets" name="test_03_get_budgets_warning" time="0.251" /><testcase classname="tests.test_iteration15.TestExpenseBudgets" name="test_04_dashboard_budget_warning" time="0.086" /><testcase classname="tests.test_iteration15.TestExpenseBudgets" name="test_05_cleanup" time="0.081" /><testcase classname="tests.test_iteration15.TestCreditCard" name="test_01_create_credit_card_account" time="0.074" /><testcase classname="tests.test_iteration15.TestCreditCard" name="test_02_import_statement_dry_run" time="3.203" /><testcase classname="tests.test_iteration15.TestCreditCard" name="test_03_import_statement_bad_account" time="0.039" /><testcase classname="tests.test_iteration15.TestCreditCard" name="test_04_import_statement_rejects_non_pdf" time="0.074" /><testcase classname="tests.test_iteration15.TestCreditCard" name="test_05_cleanup_account" time="0.081" /><testcase classname="tests.test_iteration15.TestDashboardOverview" name="test_overview_structure" time="0.056" /><testcase classname="tests.test_iteration15" name="test_zz_bank01_balance_restored" time="0.044" /><testcase classname="tests.test_iteration15.TestLoans" name="test_02_create_loan" time="0.080" /><testcase classname="tests.test_iteration15.TestLoans" name="test_03_list_loans" time="0.038" /><testcase classname="tests.test_iteration15.TestLoans" name="test_04_pay_installment" time="0.246" /><testcase classname="tests.test_iteration15.TestLoans" name="test_05_double_pay_rejected" time="0.044" /><testcase classname="tests.test_iteration15.TestLoans" name="test_06_pay_unknown_installment" time="0.056" /><testcase classname="tests.test_iteration15.TestLoans" name="test_07_create_loan_without_installments" time="0.080" /><testcase classname="tests.test_iteration15.TestLoans" name="test_08_delete_loan" time="0.129" /></testsuite></testsuites>