<?xml version="1.0" encoding="utf-8"?><testsuites name="pytest tests"><testsuite name="pytest" errors="0" failures="0" skipped="0" tests="35" time="7.109" timestamp="2026-09-04T22:50:07.951584+00:00" hostname="agent-env-3039e7a6-2a7f-49f6-9f74-ba3c1bc0bad6"><testcase classname="tests.test_iteration16.TestAccountsIntegrationFields" name="test_accounts_expose_integration_fields" time="2.589" /><testcase classname="tests.test_iteration16.TestAccountsIntegrationFields" name="test_create_connection_marks_account_integrated" time="0.139" /><testcase classname="tests.test_iteration16.TestManualGuard" name="test_bank_tx_on_integrated_blocked" time="0.071" /><testcase classname="tests.test_iteration16.TestManualGuard" name="test_bank_tx_on_free_account_allowed" time="0.173" /><testcase classname="tests.test_iteration16.TestManualGuard" name="test_virman_blocked_source_and_target" time="0.173" /><testcase classname="tests.test_iteration16.TestManualGuard" name="test_expense_payment_blocked" time="0.324" /><testcase classname="tests.test_iteration16.TestManualGuard" name="test_loan_installment_payment_blocked" time="0.217" /><testcase classname="tests.test_iteration16.TestSyncAndUnmatched" name="test_sync_creates_simulated_txs" time="0.080" /><testcase classname="tests.test_iteration16.TestSyncAndUnmatched" name="test_unmatched_list" time="0.031" /><testcase classname="tests.test_iteration16.TestMatchVirman" name="test_match_to_cash_box_updates_balances" time="0.163" /><testcase classname="tests.test_iteration16.TestMatchVirman" name="test_rematch_rejected" time="0.073" /><testcase classname="tests.test_iteration16.TestMatchVirman" name="test_rule_learned_with_target" time="0.041" /><testcase classname="tests.test_iteration16.TestMatchVirman" name="test_unmatch_reverts_virman" time="0.176" /><testcase classname="tests.test_iteration16.TestMatchVirman" name="test_unmatch_on_unmatched_rejected" time="0.070" /><testcase classname="tests.test_iteration16.TestMatchVirman" name="test_target_same_account_rejected" time="0.071" /><testcase classname="tests.test_iteration16.TestMatchVirman" name="test_target_integrated_account_rejected" time="0.246" /><testcase classname="tests.test_iteration16.TestMatchInvoice" name="test_match_with_contact_and_invoice" time="0.348" /><testcase classname="tests.test_iteration16.TestMatchInvoice" name="test_matched_list_has_matched_via" time="0.036" /><testcase classname="tests.test_iteration16.TestMatchInvoice" name="test_unmatch_reverts_invoice_and_contact" time="0.135" /><testcase classname="tests.test_iteration16.TestMatchCategory" name="test_category_only_match" time="0.146" /><testcase classname="tests.test_iteration16.TestRulesAndAutoMatch" name="test_create_rule_with_target" time="0.100" /><testcase classname="tests.test_iteration16.TestRulesAndAutoMatch" name="test_auto_match_endpoint" time="0.089" /><testcase classname="tests.test_iteration16.TestRulesAndAutoMatch" name="test_toggle_auto_match_on_connection" time="0.218" /><testcase classname="tests.test_iteration16.TestAccountDelete" name="test_delete_account_with_transactions_rejected" time="0.134" /><testcase classname="tests.test_iteration16.TestAccountDelete" name="test_delete_empty_account_ok" time="0.178" /><testcase classname="tests.test_iteration16.TestAccountDelete" name="test_delete_missing_account_404" time="0.072" /><testcase classname="tests.test_iteration16.TestRoles" name="test_create_role_copy_permissions" time="0.105" /><testcase classname="tests.test_iteration16.TestRoles" name="test_rename_custom_role" time="0.104" /><testcase classname="tests.test_iteration16.TestRoles" name="test_system_role_name_unchanged" time="0.111" /><testcase classname="tests.test_iteration16.TestRoles" name="test_set_all_permissions_view" time="0.074" /><testcase classname="tests.test_iteration16.TestRoles" name="test_admin_permissions_locked" time="0.102" /><testcase classname="tests.test_iteration16.TestRoles" name="test_delete_custom_role" time="0.106" /><testcase classname="tests.test_iteration16.TestRoles" name="test_delete_system_role_rejected" time="0.105" /><testcase classname="tests.test_iteration16.TestCompanyLocation" name="test_geocode_search" time="0.151" /><testcase classname="tests.test_iteration16.TestCompanyLocation" name="test_set_location_validation" time="0.072" /></testsuite></testsuites>