<?xml version="1.0" encoding="utf-8"?><testsuites name="pytest tests"><testsuite name="pytest" errors="0" failures="0" skipped="0" tests="22" time="2.287" timestamp="2026-09-04T23:13:10.398787+00:00" hostname="agent-env-3039e7a6-2a7f-49f6-9f74-ba3c1bc0bad6"><testcase classname="tests.test_iteration17.TestManagerAttendance" name="test_weekday_overtime_and_late" time="0.380" /><testcase classname="tests.test_iteration17.TestSelfService" name="test_me_endpoint" time="0.420" /><testcase classname="tests.test_iteration17.TestManagerAttendance" name="test_weekend_all_overtime" time="0.078" /><testcase classname="tests.test_iteration17.TestSelfService" name="test_self_checkin_requires_geo" time="0.091" /><testcase classname="tests.test_iteration17.TestManagerAttendance" name="test_early_leave" time="0.035" /><testcase classname="tests.test_iteration17.TestManagerAttendance" name="test_overtime_tolerance" time="0.075" /><testcase classname="tests.test_iteration17.TestSelfService" name="test_self_checkin_far_location" time="0.039" /><testcase classname="tests.test_iteration17.TestManagerAttendance" name="test_absent_then_checkin_becomes_present" time="0.116" /><testcase classname="tests.test_iteration17.TestSelfService" name="test_self_checkin_and_checkout" time="0.296" /><testcase classname="tests.test_iteration17.TestManagerAttendance" name="test_list_attendance_summary" time="0.036" /><testcase classname="tests.test_iteration17.TestWorkSchedule" name="test_get_schedule" time="0.075" /><testcase classname="tests.test_iteration17.TestWorkSchedule" name="test_put_schedule_and_persist" time="0.103" /><testcase classname="tests.test_iteration17.TestSelfService" name="test_confirm_and_dispute" time="0.208" /><testcase classname="tests.test_iteration17.TestWorkSchedule" name="test_put_invalid_end_before_start" time="0.031" /><testcase classname="tests.test_iteration17.TestWorkSchedule" name="test_put_invalid_time" time="0.076" /><testcase classname="tests.test_iteration17.TestWorkSchedule" name="test_restore_default" time="0.108" /><testcase classname="tests.test_iteration17.TestEmployeeOverride" name="test_override_applies" time="0.158" /><testcase classname="tests.test_iteration17.TestSelfService" name="test_dispute_other_employee_forbidden" time="0.198" /><testcase classname="tests.test_iteration17.TestSelfService" name="test_rbac_skip_no_403" time="0.155" /><testcase classname="tests.test_iteration17.TestEmployeeOverride" name="test_clear_override" time="0.330" /><testcase classname="tests.test_iteration17.TestBankingRetest" name="test_delete_bank_match_tx_blocked" time="0.176" /><testcase classname="tests.test_iteration17.TestBankingRetest" name="test_auto_match_with_account_filter" time="0.386" /></testsuite></testsuites>