<?xml version="1.0" encoding="utf-8"?><testsuites name="pytest tests"><testsuite name="pytest" errors="0" failures="2" skipped="1" tests="21" time="3.113" timestamp="2026-09-05T01:34:37.729621+00:00" hostname="agent-env-3039e7a6-2a7f-49f6-9f74-ba3c1bc0bad6"><testcase classname="tests.test_iteration20.TestShiftPlan" name="test_put_shifts_saves_two" time="0.144" /><testcase classname="tests.test_iteration20.TestShiftPlan" name="test_get_shifts_week" time="0.035" /><testcase classname="tests.test_iteration20.TestShiftPlan" name="test_put_shifts_invalid_end" time="0.077" /><testcase classname="tests.test_iteration20.TestShiftPlan" name="test_put_shifts_unknown_employee" time="0.076" /><testcase classname="tests.test_iteration20.TestShiftPlan" name="test_put_shifts_empty_items" time="0.077" /><testcase classname="tests.test_iteration20.TestAttendanceUsesPlan" name="test_attendance_uses_shift_plan" time="0.084" /><testcase classname="tests.test_iteration20.TestAttendanceUsesPlan" name="test_attendance_off_plan_counts_all_as_overtime" time="0.089" /><testcase classname="tests.test_iteration20.TestCopyWeekAndDelete" name="test_copy_week" time="0.104" /><testcase classname="tests.test_iteration20.TestCopyWeekAndDelete" name="test_delete_shift_twice" time="0.193" /><testcase classname="tests.test_iteration20.TestLeaveSelfService" name="test_post_self_without_link_403" time="0.240" /><testcase classname="tests.test_iteration20.TestLeaveSelfService" name="test_link_and_get_me" time="0.155" /><testcase classname="tests.test_iteration20.TestLeaveSelfService" name="test_create_self_leave" time="0.157" /><testcase classname="tests.test_iteration20.TestLeaveSelfService" name="test_overlap_rejected" time="0.079" /><testcase classname="tests.test_iteration20.TestLeaveSelfService" name="test_annual_balance_insufficient" time="0.078" /><testcase classname="tests.test_iteration20.TestLeaveSelfService" name="test_end_before_start" time="0.078" /><testcase classname="tests.test_iteration20.TestLeaveSelfService" name="test_cancel_pending_and_not_found" time="0.310" /><testcase classname="tests.test_iteration20.TestLeaveSelfService" name="test_cancel_approved_rejected" time="0.060"><skipped type="pytest.skip" message="No approved leave for emp_03">/app/backend/tests/test_iteration20.py:202: No approved leave for emp_03</skipped></testcase><testcase classname="tests.test_iteration20.TestLeaveSelfService" name="test_cancel_other_employee_leave_404" time="0.108" /><testcase classname="tests.test_iteration20.TestB2BOrderNumber" name="test_public_b2b_orders_unique_increment" time="0.275"><failure message="AssertionError: {&quot;detail&quot;:&quot;Not Found&quot;}&#10;assert 404 == 200&#10; +  where 404 = &lt;Response [404]&gt;.status_code">tests/test_iteration20.py:231: in test_public_b2b_orders_unique_increment
    assert cat.status_code == 200, cat.text
E   AssertionError: {"detail":"Not Found"}
E   assert 404 == 200
E    +  where 404 = &lt;Response [404]&gt;.status_code</failure></testcase><testcase classname="tests.test_iteration20.TestB2BOrderNumber" name="test_all_orders_numbers_unique" time="0.040" /><testcase classname="tests.test_iteration20.TestB2BOrderNumber" name="test_create_order_generates_number" time="0.542"><failure message="AssertionError: {&quot;detail&quot;:[{&quot;type&quot;:&quot;missing&quot;,&quot;loc&quot;:[&quot;body&quot;,&quot;order_number&quot;],&quot;msg&quot;:&quot;Field required&quot;,&quot;input&quot;:{&quot;company_id&quot;:&quot;comp_nexus_main_01&quot;,&quot;channel&quot;:&quot;manual&quot;,&quot;customer_name&quot;:&quot;TEST_it20 Müşteri&quot;,&quot;shipping_address&quot;:&quot;TEST&quot;,&quot;city&quot;:&quot;İstanbul&quot;,&quot;items&quot;:[{&quot;product_name&quot;:&quot;TEST ürün&quot;,&quot;quantity&quot;:1,&quot;unit_price&quot;:100,&quot;vat_rate&quot;:20}],&quot;total_amount&quot;:120},&quot;url&quot;:&quot;https://errors.pydantic.dev/2.13/v/missing&quot;},{&quot;type&quot;:&quot;missing&quot;,&quot;loc&quot;:[&quot;body&quot;,&quot;items&quot;,0,&quot;product_id&quot;],&quot;msg&quot;:&quot;Field required&quot;,&quot;input&quot;:{&quot;product_name&quot;:&quot;TEST ürün&quot;,&quot;quantity&quot;:1,&quot;unit_price&quot;:100,&quot;vat_rate&quot;:20},&quot;url&quot;:&quot;https://errors.pydantic.dev/2.13/v/missing&quot;},{&quot;type&quot;:&quot;missing&quot;,&quot;loc&quot;:[&quot;body&quot;,&quot;items&quot;,0,&quot;sku&quot;],&quot;msg&quot;:&quot;Field required&quot;,&quot;input&quot;:{&quot;product_name&quot;:&quot;TEST ürün&quot;,&quot;quantity&quot;:1,&quot;unit_price&quot;:100,&quot;vat_rate&quot;:20},&quot;url&quot;:&quot;https://errors.pydantic.dev/2.13/v/missing&quot;},{&quot;type&quot;:&quot;missing&quot;,&quot;loc&quot;:[&quot;body&quot;,&quot;items&quot;,0,&quot;total&quot;],&quot;msg&quot;:&quot;Field required&quot;,&quot;input&quot;:{&quot;product_name&quot;:&quot;TEST ürün&quot;,&quot;quantity&quot;:1,&quot;unit_price&quot;:100,&quot;vat_rate&quot;:20},&quot;url&quot;:&quot;https://errors.pydantic.dev/2.13/v/missing&quot;}]}&#10;assert 422 in (200, 201)&#10; +  where 422 = &lt;Response [422]&gt;.status_code">tests/test_iteration20.py:266: in test_create_order_generates_number
    assert r.status_code in (200, 201), r.text
E   AssertionError: {"detail":[{"type":"missing","loc":["body","order_number"],"msg":"Field required","input":{"company_id":"comp_nexus_main_01","channel":"manual","customer_name":"TEST_it20 Müşteri","shipping_address":"TEST","city":"İstanbul","items":[{"product_name":"TEST ürün","quantity":1,"unit_price":100,"vat_rate":20}],"total_amount":120},"url":"https://errors.pydantic.dev/2.13/v/missing"},{"type":"missing","loc":["body","items",0,"product_id"],"msg":"Field required","input":{"product_name":"TEST ürün","quantity":1,"unit_price":100,"vat_rate":20},"url":"https://errors.pydantic.dev/2.13/v/missing"},{"type":"missing","loc":["body","items",0,"sku"],"msg":"Field required","input":{"product_name":"TEST ürün","quantity":1,"unit_price":100,"vat_rate":20},"url":"https://errors.pydantic.dev/2.13/v/missing"},{"type":"missing","loc":["body","items",0,"total"],"msg":"Field required","input":{"product_name":"TEST ürün","quantity":1,"unit_price":100,"vat_rate":20},"url":"https://errors.pydantic.dev/2.13/v/missing"}]}
E   assert 422 in (200, 201)
E    +  where 422 = &lt;Response [422]&gt;.status_code</failure></testcase></testsuite></testsuites>