<?xml version="1.0" encoding="utf-8"?><testsuites name="pytest tests"><testsuite name="pytest" errors="0" failures="0" skipped="0" tests="9" time="1.889" timestamp="2026-09-05T14:49:00.949131+00:00" hostname="agent-env-3039e7a6-2a7f-49f6-9f74-ba3c1bc0bad6"><testcase classname="tests.test_rbac_features" name="test_roles_features_shape" time="0.458" /><testcase classname="tests.test_rbac_features" name="test_admin_role_features_update_forbidden" time="0.095" /><testcase classname="tests.test_rbac_features" name="test_warehouse_features_toggle_off" time="0.098" /><testcase classname="tests.test_rbac_features" name="test_depo_login_features" time="0.415" /><testcase classname="tests.test_rbac_features" name="test_depo_products_masked" time="0.245" /><testcase classname="tests.test_rbac_features" name="test_depo_orders_masked" time="0.071" /><testcase classname="tests.test_rbac_features" name="test_depo_dashboard_still_200" time="0.153" /><testcase classname="tests.test_rbac_features" name="test_admin_products_not_masked" time="0.179" /><testcase classname="tests.test_rbac_features" name="test_zzz_restore_warehouse_features" time="0.156" /></testsuite></testsuites>