<?xml version="1.0" encoding="utf-8"?><testsuites name="pytest tests"><testsuite name="pytest" errors="0" failures="0" skipped="0" tests="5" time="5.433" timestamp="2026-09-05T18:10:53.762657+00:00" hostname="agent-env-3039e7a6-2a7f-49f6-9f74-ba3c1bc0bad6"><testcase classname="tests.test_bh_customers_it36" name="test_bh_config_last_customer_import" time="0.436" /><testcase classname="tests.test_bh_customers_it36" name="test_contacts_count_and_ersay" time="0.649" /><testcase classname="tests.test_bh_customers_it36" name="test_migration_batches_has_bh_customers" time="0.353" /><testcase classname="tests.test_bh_customers_it36" name="test_products_count" time="0.526" /><testcase classname="tests.test_bh_customers_it36" name="test_rerun_import_skip" time="3.433" /></testsuite></testsuites>