<?xml version="1.0" encoding="utf-8"?><testsuites name="pytest tests"><testsuite name="pytest" errors="0" failures="1" skipped="0" tests="53" time="6.053" timestamp="2026-09-03T22:13:54.030329+00:00" hostname="agent-env-3039e7a6-2a7f-49f6-9f74-ba3c1bc0bad6"><testcase classname="tests.test_iteration3.TestStockCount" name="test_preload_expands_variants" time="0.459" /><testcase classname="tests.test_iteration4.TestQuotes" name="test_create_totals_and_number" time="0.676" /><testcase classname="tests.test_iteration3.TestStockCount" name="test_scan_increments_variant" time="0.104" /><testcase classname="tests.test_iteration3.TestStockCount" name="test_scan_unknown_barcode_404" time="0.037" /><testcase classname="tests.test_iteration3.TestStockCount" name="test_set_item_counted" time="0.055" /><testcase classname="tests.test_iteration3.TestStockCount" name="test_complete_applies_stock" time="0.205" /><testcase classname="tests.test_iteration4.TestQuotes" name="test_empty_items_400" time="0.071" /><testcase classname="tests.test_iteration4.TestQuotes" name="test_status_update_persists" time="0.345" /><testcase classname="tests.test_iteration3.TestStockCount" name="test_scan_completed_count_400" time="0.070" /><testcase classname="tests.test_iteration3.TestStockCount" name="test_list_contains_count" time="0.033" /><testcase classname="tests.test_iteration3.TestStockCount" name="test_delete_count" time="0.209" /><testcase classname="tests.test_iteration4.TestQuotes" name="test_items_recalculated_on_update" time="0.282" /><testcase classname="tests.test_iteration3.TestLeaves" name="test_create_leave_pending_with_days" time="0.109" /><testcase classname="tests.test_iteration3.TestLeaves" name="test_create_leave_exceeding_balance_400" time="0.033" /><testcase classname="tests.test_iteration3.TestLeaves" name="test_end_before_start_400" time="0.071" /><testcase classname="tests.test_iteration4.TestQuotes" name="test_convert_to_invoice" time="0.603" /><testcase classname="tests.test_iteration3.TestLeaves" name="test_unknown_employee_404" time="0.071" /><testcase classname="tests.test_iteration3.TestLeaves" name="test_approve_increments_used_days" time="0.415" /><testcase classname="tests.test_iteration3.TestLeaves" name="test_reject_does_not_increment" time="0.294" /><testcase classname="tests.test_iteration4.TestQuotes" name="test_delete_quote" time="0.209" /><testcase classname="tests.test_iteration3.TestLeaves" name="test_invalid_decision_400" time="0.104" /><testcase classname="tests.test_iteration4.TestQuotes" name="test_get_missing_quote_404" time="0.033" /><testcase classname="tests.test_iteration4.TestQuotes" name="test_upload_image_to_quote" time="0.594" /><testcase classname="tests.test_iteration3.TestBonuses" name="test_bonus_with_account_deducts_and_logs" time="0.889" /><testcase classname="tests.test_iteration4.TestQuotes" name="test_upload_pdf_allowed_txt_rejected" time="0.417" /><testcase classname="tests.test_iteration3.TestBonuses" name="test_bonus_without_account_pending" time="0.207" /><testcase classname="tests.test_iteration4.TestProjects" name="test_project_crud" time="0.315" /><testcase classname="tests.test_iteration3.TestBonuses" name="test_bonus_invalid_amount_400" time="0.073" /><testcase classname="tests.test_iteration3.TestBonuses" name="test_bonus_unknown_employee_404" time="0.031" /><testcase classname="tests.test_iteration3.TestBonuses" name="test_bonus_unknown_account_404" time="0.072" /><testcase classname="tests.test_iteration4.TestProjects" name="test_project_requires_name" time="0.071" /><testcase classname="tests.test_iteration4.TestProjects" name="test_project_quote_aggregation" time="0.474" /><testcase classname="tests.test_iteration4.TestPrintTemplates" name="test_defaults_present" time="0.329" /><testcase classname="tests.test_iteration4.TestPrintTemplates" name="test_save_invoice_template_persists" time="0.277" /><testcase classname="tests.test_iteration4.TestProjects" name="test_update_missing_project_404" time="0.072" /><testcase classname="tests.test_iteration4.TestPrintTemplates" name="test_invalid_doc_type" time="0.069" /><testcase classname="tests.test_iteration4.TestEInvoice" name="test_providers" time="0.028" /><testcase classname="tests.test_iteration4.TestEInvoice" name="test_configure_then_reset" time="0.243" /><testcase classname="tests.test_iteration4.TestSurveys" name="test_survey_crud_and_convert" time="0.307" /><testcase classname="tests.test_iteration4.TestEInvoice" name="test_bad_provider" time="0.074" /><testcase classname="tests.test_iteration3.TestSalaryCalc" name="test_gross_mode" time="0.076" /><testcase classname="tests.test_iteration4.TestSurveys" name="test_update_missing_survey_404" time="0.060" /><testcase classname="tests.test_iteration3.TestSalaryCalc" name="test_net_mode_roundtrip" time="0.102" /><testcase classname="tests.test_iteration4.TestSurveys" name="test_convert_missing_survey_404" time="0.047" /><testcase classname="tests.test_iteration4.TestPreferences" name="test_update_and_persist_module_order" time="0.179"><failure message="KeyError: 'preferences'">E   KeyError: 'preferences'</failure></testcase><testcase classname="tests.test_iteration3.TestSalaryCalc" name="test_invalid_amount_400" time="0.102" /><testcase classname="tests.test_iteration4.TestCompany" name="test_get_and_update_company" time="0.278" /><testcase classname="tests.test_iteration4.TestPreferences" name="test_disallowed_key_ignored" time="0.118" /><testcase classname="tests.test_iteration3.TestContactOverview" name="test_overview_structure" time="0.036" /><testcase classname="tests.test_iteration3.TestContactOverview" name="test_overview_404" time="0.072" /><testcase classname="tests.test_iteration4.TestCompany" name="test_get_company_404" time="0.070" /><testcase classname="tests.test_iteration3.TestProductFlags" name="test_show_in_b2b_filter" time="0.198" /><testcase classname="tests.test_iteration3.TestProductFlags" name="test_track_stock_blocks_adjust" time="0.199" /></testsuite></testsuites>