<?xml version="1.0" encoding="utf-8"?><testsuites name="pytest tests"><testsuite name="pytest" errors="2" failures="1" skipped="1" tests="14" time="6.199" timestamp="2026-09-05T11:41:28.983578+00:00" hostname="agent-env-3039e7a6-2a7f-49f6-9f74-ba3c1bc0bad6"><testcase classname="tests.test_iteration24.TestTrendyolLive" name="test_test_connection" time="0.595" /><testcase classname="tests.test_iteration24.TestTrendyolLive" name="test_sync_now_14d" time="1.454" /><testcase classname="tests.test_iteration24.TestTrendyolLive" name="test_orders_contains_real_order" time="0.031" /><testcase classname="tests.test_iteration24.TestTrendyolLive" name="test_sync_idempotent" time="1.669" /><testcase classname="tests.test_iteration24.TestTrendyolLive" name="test_sync_45days_no_error" time="1.874" /><testcase classname="tests.test_iteration24.TestMarketplacePanels" name="test_claims_list" time="0.071" /><testcase classname="tests.test_iteration24.TestMarketplacePanels" name="test_questions_list" time="0.068" /><testcase classname="tests.test_iteration24.TestMarketplacePanels" name="test_answer_short_400" time="0.074" /><testcase classname="tests.test_iteration24.TestMarketplacePanels" name="test_answer_nonexistent_404" time="0.069" /><testcase classname="tests.test_iteration24.TestMarketplacePanels" name="test_approve_claim_404" time="0.073" /><testcase classname="tests.test_iteration24.TestOrderDeletion" name="test_single_delete" time="0.067"><error message="failed on setup with &quot;AssertionError: {&quot;detail&quot;:[{&quot;type&quot;:&quot;missing&quot;,&quot;loc&quot;:[&quot;body&quot;,&quot;shipping_address&quot;],&quot;msg&quot;:&quot;Field required&quot;,&quot;input&quot;:{&quot;company_id&quot;:&quot;comp_nexus_main_01&quot;,&quot;channel&quot;:&quot;b2b&quot;,&quot;customer_name&quot;:&quot;TEST_it24_0&quot;,&quot;items&quot;:[{&quot;product_name&quot;:&quot;Test&quot;,&quot;quantity&quot;:1,&quot;unit_price&quot;:10,&quot;total&quot;:10}],&quot;total_amount&quot;:10.0},&quot;url&quot;:&quot;https://errors.pydantic.dev/2.13/v/missing&quot;},{&quot;type&quot;:&quot;missing&quot;,&quot;loc&quot;:[&quot;body&quot;,&quot;city&quot;],&quot;msg&quot;:&quot;Field required&quot;,&quot;input&quot;:{&quot;company_id&quot;:&quot;comp_nexus_main_01&quot;,&quot;channel&quot;:&quot;b2b&quot;,&quot;customer_name&quot;:&quot;TEST_it24_0&quot;,&quot;items&quot;:[{&quot;product_name&quot;:&quot;Test&quot;,&quot;quantity&quot;:1,&quot;unit_price&quot;:10,&quot;total&quot;:10}],&quot;total_amount&quot;:10.0},&quot;url&quot;:&quot;https://errors.pydantic.dev/2.13/v/missing&quot;},{&quot;type&quot;:&quot;missing&quot;,&quot;loc&quot;:[&quot;body&quot;,&quot;items&quot;,0,&quot;product_id&quot;],&quot;msg&quot;:&quot;Field required&quot;,&quot;input&quot;:{&quot;product_name&quot;:&quot;Test&quot;,&quot;quantity&quot;:1,&quot;unit_price&quot;:10,&quot;total&quot;:10},&quot;url&quot;:&quot;https://errors.pydantic.dev/2.13/v/missing&quot;},{&quot;type&quot;:&quot;missing&quot;,&quot;loc&quot;:[&quot;body&quot;,&quot;items&quot;,0,&quot;sku&quot;],&quot;msg&quot;:&quot;Field required&quot;,&quot;input&quot;:{&quot;product_name&quot;:&quot;Test&quot;,&quot;quantity&quot;:1,&quot;unit_price&quot;:10,&quot;total&quot;:10},&quot;url&quot;:&quot;https://errors.pydantic.dev/2.13/v/missing&quot;}]}&#10;assert 422 in (200, 201)&#10; +  where 422 = &lt;Response [422]&gt;.status_code&quot;">backend/tests/test_iteration24.py:113: in two_orders
    assert r.status_code in (200, 201), r.text
E   AssertionError: {"detail":[{"type":"missing","loc":["body","shipping_address"],"msg":"Field required","input":{"company_id":"comp_nexus_main_01","channel":"b2b","customer_name":"TEST_it24_0","items":[{"product_name":"Test","quantity":1,"unit_price":10,"total":10}],"total_amount":10.0},"url":"https://errors.pydantic.dev/2.13/v/missing"},{"type":"missing","loc":["body","city"],"msg":"Field required","input":{"company_id":"comp_nexus_main_01","channel":"b2b","customer_name":"TEST_it24_0","items":[{"product_name":"Test","quantity":1,"unit_price":10,"total":10}],"total_amount":10.0},"url":"https://errors.pydantic.dev/2.13/v/missing"},{"type":"missing","loc":["body","items",0,"product_id"],"msg":"Field required","input":{"product_name":"Test","quantity":1,"unit_price":10,"total":10},"url":"https://errors.pydantic.dev/2.13/v/missing"},{"type":"missing","loc":["body","items",0,"sku"],"msg":"Field required","input":{"product_name":"Test","quantity":1,"unit_price":10,"total":10},"url":"https://errors.pydantic.dev/2.13/v/missing"}]}
E   assert 422 in (200, 201)
E    +  where 422 = &lt;Response [422]&gt;.status_code</error></testcase><testcase classname="tests.test_iteration24.TestOrderDeletion" name="test_bulk_delete" time="0.000"><error message="failed on setup with &quot;AssertionError: {&quot;detail&quot;:[{&quot;type&quot;:&quot;missing&quot;,&quot;loc&quot;:[&quot;body&quot;,&quot;shipping_address&quot;],&quot;msg&quot;:&quot;Field required&quot;,&quot;input&quot;:{&quot;company_id&quot;:&quot;comp_nexus_main_01&quot;,&quot;channel&quot;:&quot;b2b&quot;,&quot;customer_name&quot;:&quot;TEST_it24_0&quot;,&quot;items&quot;:[{&quot;product_name&quot;:&quot;Test&quot;,&quot;quantity&quot;:1,&quot;unit_price&quot;:10,&quot;total&quot;:10}],&quot;total_amount&quot;:10.0},&quot;url&quot;:&quot;https://errors.pydantic.dev/2.13/v/missing&quot;},{&quot;type&quot;:&quot;missing&quot;,&quot;loc&quot;:[&quot;body&quot;,&quot;city&quot;],&quot;msg&quot;:&quot;Field required&quot;,&quot;input&quot;:{&quot;company_id&quot;:&quot;comp_nexus_main_01&quot;,&quot;channel&quot;:&quot;b2b&quot;,&quot;customer_name&quot;:&quot;TEST_it24_0&quot;,&quot;items&quot;:[{&quot;product_name&quot;:&quot;Test&quot;,&quot;quantity&quot;:1,&quot;unit_price&quot;:10,&quot;total&quot;:10}],&quot;total_amount&quot;:10.0},&quot;url&quot;:&quot;https://errors.pydantic.dev/2.13/v/missing&quot;},{&quot;type&quot;:&quot;missing&quot;,&quot;loc&quot;:[&quot;body&quot;,&quot;items&quot;,0,&quot;product_id&quot;],&quot;msg&quot;:&quot;Field required&quot;,&quot;input&quot;:{&quot;product_name&quot;:&quot;Test&quot;,&quot;quantity&quot;:1,&quot;unit_price&quot;:10,&quot;total&quot;:10},&quot;url&quot;:&quot;https://errors.pydantic.dev/2.13/v/missing&quot;},{&quot;type&quot;:&quot;missing&quot;,&quot;loc&quot;:[&quot;body&quot;,&quot;items&quot;,0,&quot;sku&quot;],&quot;msg&quot;:&quot;Field required&quot;,&quot;input&quot;:{&quot;product_name&quot;:&quot;Test&quot;,&quot;quantity&quot;:1,&quot;unit_price&quot;:10,&quot;total&quot;:10},&quot;url&quot;:&quot;https://errors.pydantic.dev/2.13/v/missing&quot;}]}&#10;assert 422 in (200, 201)&#10; +  where 422 = &lt;Response [422]&gt;.status_code&quot;">backend/tests/test_iteration24.py:113: in two_orders
    assert r.status_code in (200, 201), r.text
E   AssertionError: {"detail":[{"type":"missing","loc":["body","shipping_address"],"msg":"Field required","input":{"company_id":"comp_nexus_main_01","channel":"b2b","customer_name":"TEST_it24_0","items":[{"product_name":"Test","quantity":1,"unit_price":10,"total":10}],"total_amount":10.0},"url":"https://errors.pydantic.dev/2.13/v/missing"},{"type":"missing","loc":["body","city"],"msg":"Field required","input":{"company_id":"comp_nexus_main_01","channel":"b2b","customer_name":"TEST_it24_0","items":[{"product_name":"Test","quantity":1,"unit_price":10,"total":10}],"total_amount":10.0},"url":"https://errors.pydantic.dev/2.13/v/missing"},{"type":"missing","loc":["body","items",0,"product_id"],"msg":"Field required","input":{"product_name":"Test","quantity":1,"unit_price":10,"total":10},"url":"https://errors.pydantic.dev/2.13/v/missing"},{"type":"missing","loc":["body","items",0,"sku"],"msg":"Field required","input":{"product_name":"Test","quantity":1,"unit_price":10,"total":10},"url":"https://errors.pydantic.dev/2.13/v/missing"}]}
E   assert 422 in (200, 201)
E    +  where 422 = &lt;Response [422]&gt;.status_code</error></testcase><testcase classname="tests.test_iteration24.TestOrderDeletion" name="test_invoiced_cannot_delete" time="0.030"><skipped type="pytest.skip" message="Order create failed">/app/backend/tests/test_iteration24.py:148: Order create failed</skipped></testcase><testcase classname="tests.test_iteration24.TestOrderDeletion" name="test_mark_labels_printed" time="0.052"><failure message="assert 422 in (200, 201)&#10; +  where 422 = &lt;Response [422]&gt;.status_code">backend/tests/test_iteration24.py:166: in test_mark_labels_printed
    assert r.status_code in (200, 201)
E   assert 422 in (200, 201)
E    +  where 422 = &lt;Response [422]&gt;.status_code</failure></testcase></testsuite></testsuites>