<?xml version="1.0" encoding="utf-8"?><testsuites name="pytest tests"><testsuite name="pytest" errors="0" failures="1" skipped="0" tests="10" time="8.671" timestamp="2026-09-05T22:37:32.647366+00:00" hostname="agent-env-3039e7a6-2a7f-49f6-9f74-ba3c1bc0bad6"><testcase classname="tests.test_iteration41" name="test_b2b_access_set_password_email" time="0.711" /><testcase classname="tests.test_iteration41" name="test_b2b_access_short_password" time="0.076" /><testcase classname="tests.test_iteration41" name="test_b2b_login_ok_by_email" time="0.440" /><testcase classname="tests.test_iteration41" name="test_b2b_login_wrong_password" time="0.292" /><testcase classname="tests.test_iteration41" name="test_b2b_login_by_vkn" time="0.522" /><testcase classname="tests.test_iteration41" name="test_b2b_ai_cart_flow" time="5.474" /><testcase classname="tests.test_iteration41" name="test_b2b_ai_cart_bad_token" time="0.123" /><testcase classname="tests.test_iteration41" name="test_global_search" time="0.083" /><testcase classname="tests.test_iteration41" name="test_global_search_short_query" time="0.072" /><testcase classname="tests.test_iteration41" name="test_update_contact_filters_and_b2b_password" time="0.542"><failure message="AssertionError: assert 'b2b_password_hash' not in {'company_id': 'comp_nexus_main_01', 'type': 'customer', 'name': 'Trend Mağazacılık ve Perakende A.Ş.', 'company_title': 'Trend Mağazacılık A.Ş.', ...}">backend/tests/test_iteration41.py:131: in test_update_contact_filters_and_b2b_password
    assert "b2b_password_hash" not in d
E   AssertionError: assert 'b2b_password_hash' not in {'company_id': 'comp_nexus_main_01', 'type': 'customer', 'name': 'Trend Mağazacılık ve Perakende A.Ş.', 'company_title': 'Trend Mağazacılık A.Ş.', ...}</failure></testcase></testsuite></testsuites>