<?xml version="1.0" encoding="utf-8"?><testsuites name="pytest tests"><testsuite name="pytest" errors="0" failures="2" skipped="0" tests="55" time="4.692" timestamp="2026-09-03T21:14:33.252447+00:00" hostname="agent-env-3039e7a6-2a7f-49f6-9f74-ba3c1bc0bad6"><testcase classname="tests.backend_test.TestProducts" name="test_list_products_have_ids" time="0.119" /><testcase classname="tests.backend_test.TestBankConnections" name="test_providers" time="0.178" /><testcase classname="tests.backend_test.TestProducts" name="test_barcode_variant_lookup" time="0.046" /><testcase classname="tests.backend_test.TestProducts" name="test_barcode_not_found" time="0.071" /><testcase classname="tests.backend_test.TestBankConnections" name="test_create_connection_simulated" time="0.032" /><testcase classname="tests.backend_test.TestBankConnections" name="test_create_connection_bad_provider" time="0.071" /><testcase classname="tests.backend_test.TestProducts" name="test_image_upload_and_serve" time="0.553" /><testcase classname="tests.backend_test.TestBankConnections" name="test_create_connection_bad_account" time="0.283" /><testcase classname="tests.backend_test.TestBankConnections" name="test_test_endpoint" time="0.228" /><testcase classname="tests.backend_test.TestProducts" name="test_image_wrong_content_type" time="0.036" /><testcase classname="tests.backend_test.TestBankConnections" name="test_sync_inserts_then_skips" time="0.147" /><testcase classname="tests.backend_test.TestProducts" name="test_update_cover_images" time="0.144" /><testcase classname="tests.backend_test.TestBankConnections" name="test_unmatched_list_flags" time="0.032" /><testcase classname="tests.backend_test.TestProducts" name="test_variants_autofill_and_stock_sum" time="0.152" /><testcase classname="tests.backend_test.TestBankConnections" name="test_secrets_masked" time="0.100" /><testcase classname="tests.backend_test.TestBankConnections" name="test_match_transaction_and_learn_rule" time="0.220" /><testcase classname="tests.backend_test.TestProducts" name="test_variants_duplicate_sku_400" time="0.069" /><testcase classname="tests.backend_test.TestProducts" name="test_quick_stock_adjust_variant" time="0.212" /><testcase classname="tests.backend_test.TestBankConnections" name="test_manual_rule_and_auto_match" time="0.305" /><testcase classname="tests.backend_test.TestProducts" name="test_quick_stock_adjust_bad_variant" time="0.038" /><testcase classname="tests.backend_test.TestPartners" name="test_list_partners_seeded" time="0.076" /><testcase classname="tests.backend_test.TestPartners" name="test_partners_summary" time="0.036" /><testcase classname="tests.backend_test.TestPartners" name="test_create_partner_over_100" time="0.068" /><testcase classname="tests.backend_test.TestBankConnections" name="test_create_duplicate_rule_pattern" time="0.174"><failure message="AssertionError: duplicate pattern upsert failed: 500 Internal Server Error&#10;assert 500 == 200&#10; +  where 500 = &lt;Response [500]&gt;.status_code">self = &lt;backend_test.TestBankConnections object at 0xfa11fb744d90&gt;
s = &lt;requests.sessions.Session object at 0xfa11fb745490&gt;

    def test_create_duplicate_rule_pattern(self, s):
        body = {"company_id": COMPANY, "pattern": "TEST_dupe pattern", "category": "TEST_Kat"}
        r1 = s.post(f"{BASE}/banking/match-rules", json=body, timeout=30)
        assert r1.status_code == 200, r1.text[:300]
        r2 = s.post(f"{BASE}/banking/match-rules", json=body, timeout=30)
        s.delete(f"{BASE}/banking/match-rules/{r1.json()['id']}", timeout=30)
&gt;       assert r2.status_code == 200, f"duplicate pattern upsert failed: {r2.status_code} {r2.text[:200]}"
E       AssertionError: duplicate pattern upsert failed: 500 Internal Server Error
E       assert 500 == 200
E        +  where 500 = &lt;Response [500]&gt;.status_code

tests/backend_test.py:352: AssertionError</failure></testcase><testcase classname="tests.backend_test.TestPartners" name="test_capital_in_updates_balances" time="0.176" /><testcase classname="tests.backend_test.TestPartners" name="test_withdrawal" time="0.214" /><testcase classname="tests.backend_test.TestBankConnections" name="test_empty_rule_pattern_400" time="0.028" /><testcase classname="tests.backend_test.TestBankConnections" name="test_sync_all" time="0.119" /><testcase classname="tests.backend_test.TestBankConnections" name="test_zz_delete_connection" time="0.099" /><testcase classname="tests.backend_test.TestPartners" name="test_invalid_partner_tx_type" time="0.142" /><testcase classname="tests.backend_test.TestCommSms" name="test_settings_roundtrip_no_password_leak" time="0.137" /><testcase classname="tests.backend_test.TestPartners" name="test_distribute_profit_accrual" time="0.212" /><testcase classname="tests.backend_test.TestCommSms" name="test_balance_simulated" time="0.068" /><testcase classname="tests.backend_test.TestCommSms" name="test_send_simulated" time="0.096" /><testcase classname="tests.backend_test.TestCommSms" name="test_send_invalid_phone" time="0.070" /><testcase classname="tests.backend_test.TestPartners" name="test_distribute_profit_pay_now" time="0.137" /><testcase classname="tests.backend_test.TestCommSms" name="test_send_empty_message_400" time="0.068" /><testcase classname="tests.backend_test.TestCommSms" name="test_send_no_recipient_400" time="0.069" /><testcase classname="tests.backend_test.TestPartners" name="test_delete_partner_with_balance_400" time="0.099" /><testcase classname="tests.backend_test.TestCommSms" name="test_seeded_contacts_have_mobile_numbers" time="0.029"><failure message="AssertionError: seeded contacts have non-GSM phones, SMS always fails: [('Trend Mağazacılık ve Perakende A.Ş.', '0212 340 50 60'), ('Anadolu Elektronik Tic. Ltd. Şti.', '0312 419 80 00'), ('Mikro Çip &amp; Komponent İthalat A.Ş.', '0216 444 88 99'), ('Eko Ambalaj ve Koli Sanayi Ltd.', '0212 671 22 33')]&#10;assert not [('Trend Mağazacılık ve Perakende A.Ş.', '0212 340 50 60'), ('Anadolu Elektronik Tic. Ltd. Şti.', '0312 419 80 00'), ('Mikro Çip &amp; Komponent İthalat A.Ş.', '0216 444 88 99'), ('Eko Ambalaj ve Koli Sanayi Ltd.', '0212 671 22 33')]">self = &lt;backend_test.TestCommSms object at 0xfa11fb747650&gt;
s = &lt;requests.sessions.Session object at 0xfa11fb745490&gt;

    def test_seeded_contacts_have_mobile_numbers(self, s):
        """Quick-message / campaign SMS only works with 5xx GSM numbers."""
        contacts = s.get(f"{BASE}/contacts", timeout=30).json()
        seeded = [c for c in contacts if str(c["id"]).startswith("cnt_")]
        bad = [(c["name"], c.get("phone")) for c in seeded
               if not str(c.get("phone") or "").replace(" ", "").lstrip("0").startswith("5")]
&gt;       assert not bad, f"seeded contacts have non-GSM phones, SMS always fails: {bad}"
E       AssertionError: seeded contacts have non-GSM phones, SMS always fails: [('Trend Mağazacılık ve Perakende A.Ş.', '0212 340 50 60'), ('Anadolu Elektronik Tic. Ltd. Şti.', '0312 419 80 00'), ('Mikro Çip &amp; Komponent İthalat A.Ş.', '0216 444 88 99'), ('Eko Ambalaj ve Koli Sanayi Ltd.', '0212 671 22 33')]
E       assert not [('Trend Mağazacılık ve Perakende A.Ş.', '0212 340 50 60'), ('Anadolu Elektronik Tic. Ltd. Şti.', '0312 419 80 00'), ('Mikro Çip &amp; Komponent İthalat A.Ş.', '0216 444 88 99'), ('Eko Ambalaj ve Koli Sanayi Ltd.', '0212 671 22 33')]

tests/backend_test.py:423: AssertionError</failure></testcase><testcase classname="tests.backend_test.TestPartners" name="test_create_and_delete_zero_balance_partner" time="0.208" /><testcase classname="tests.backend_test.TestCommSms" name="test_campaign_personalizes" time="0.243" /><testcase classname="tests.backend_test.TestCommMail" name="test_presets" time="0.076" /><testcase classname="tests.backend_test.TestCommSms" name="test_campaign_empty_400" time="0.068" /><testcase classname="tests.backend_test.TestCommMail" name="test_account_null_initially" time="0.167" /><testcase classname="tests.backend_test.TestCommSms" name="test_comm_history_by_contact" time="0.065" /><testcase classname="tests.backend_test.TestAuth" name="test_login_success_and_cookie" time="0.301" /><testcase classname="tests.backend_test.TestCommMail" name="test_folders_without_account_404" time="0.264" /><testcase classname="tests.backend_test.TestAuth" name="test_login_invalid" time="0.346" /><testcase classname="tests.backend_test.TestCommMail" name="test_save_bogus_account_graceful" time="0.349" /><testcase classname="tests.backend_test.TestContactLocation" name="test_location_persist" time="0.130" /><testcase classname="tests.backend_test.TestCommMail" name="test_folders_502" time="0.146" /><testcase classname="tests.backend_test.TestCommMail" name="test_send_502" time="0.153" /><testcase classname="tests.backend_test.TestCommMail" name="test_send_no_recipient_400" time="0.072" /><testcase classname="tests.backend_test.TestCommMail" name="test_zz_delete_account" time="0.138" /></testsuite></testsuites>