<?xml version="1.0" encoding="utf-8"?><testsuites name="pytest tests"><testsuite name="pytest" errors="0" failures="0" skipped="0" tests="75" time="4.816" timestamp="2026-09-04T07:38:39.915224+00:00" hostname="agent-env-3039e7a6-2a7f-49f6-9f74-ba3c1bc0bad6"><testcase classname="tests.test_iteration10.TestReports" name="test_sales_group_contact" time="0.079" /><testcase classname="tests.test_iteration12" name="test_page_endpoints_ok[/dashboard/stats-params0]" time="0.081" /><testcase classname="tests.test_iteration10.TestReports" name="test_sales_group_month_keys" time="0.072" /><testcase classname="tests.test_iteration12" name="test_page_endpoints_ok[/invoices-params1]" time="0.034" /><testcase classname="tests.test_iteration12" name="test_page_endpoints_ok[/contacts-params2]" time="0.031" /><testcase classname="tests.test_iteration12" name="test_page_endpoints_ok[/products-params3]" time="0.027" /><testcase classname="tests.test_iteration10.TestReports" name="test_sales_group_product_rows" time="0.070" /><testcase classname="tests.test_iteration12" name="test_page_endpoints_ok[/warehouses-params4]" time="0.073" /><testcase classname="tests.test_iteration10.TestReports" name="test_sales_date_filter_narrows" time="0.097" /><testcase classname="tests.test_iteration12" name="test_page_endpoints_ok[/orders-params5]" time="0.039" /><testcase classname="tests.test_iteration12" name="test_page_endpoints_ok[/installments-params6]" time="0.030" /><testcase classname="tests.test_iteration12" name="test_page_endpoints_ok[/production/recipes-params7]" time="0.036" /><testcase classname="tests.test_iteration10.TestReports" name="test_purchases" time="0.070" /><testcase classname="tests.test_iteration12" name="test_page_endpoints_ok[/production/orders-params8]" time="0.032" /><testcase classname="tests.test_iteration12" name="test_page_endpoints_ok[/projects-params9]" time="0.027" /><testcase classname="tests.test_iteration10.TestReports" name="test_aging_buckets" time="0.071" /><testcase classname="tests.test_iteration12" name="test_page_endpoints_ok[/personnel/employees-params10]" time="0.072" /><testcase classname="tests.test_iteration10.TestReports" name="test_stock_totals" time="0.032" /><testcase classname="tests.test_iteration12" name="test_page_endpoints_ok[/personnel/leaves-params11]" time="0.030" /><testcase classname="tests.test_iteration10.TestReports" name="test_cashflow_totals" time="0.074" /><testcase classname="tests.test_iteration12" name="test_page_endpoints_ok[/personnel/bonuses-params12]" time="0.028" /><testcase classname="tests.test_iteration12" name="test_page_endpoints_ok[/personnel/attendance-params13]" time="0.029" /><testcase classname="tests.test_iteration10.TestReports" name="test_vat" time="0.076" /><testcase classname="tests.test_iteration12" name="test_page_endpoints_ok[/banking/accounts-params14]" time="0.030" /><testcase classname="tests.test_iteration12" name="test_page_endpoints_ok[/integrations/cargo/catalog-params15]" time="0.029" /><testcase classname="tests.test_iteration12" name="test_page_endpoints_ok[/integrations/ecommerce-params16]" time="0.028" /><testcase classname="tests.test_iteration10.TestReports" name="test_profit" time="0.080" /><testcase classname="tests.test_iteration12" name="test_page_endpoints_ok[/comm/mail/account-params17]" time="0.071" /><testcase classname="tests.test_iteration10.TestReports" name="test_unknown_kind_404" time="0.074" /><testcase classname="tests.test_iteration12" name="test_page_endpoints_ok[/notifications-params18]" time="0.030" /><testcase classname="tests.test_iteration10.TestB2BPortal" name="test_enable_access_link" time="0.070" /><testcase classname="tests.test_iteration10.TestReports" name="test_no_mongo_id_leak" time="0.477" /><testcase classname="tests.test_iteration10.TestB2BPortal" name="test_b2b_access_unknown_contact_404" time="0.069" /><testcase classname="tests.test_iteration10.TestB2BPortal" name="test_portal_payload" time="0.033" /><testcase classname="tests.test_iteration10.TestB2BPortal" name="test_invalid_token_404" time="0.071" /><testcase classname="tests.test_iteration10.TestB2BPortal" name="test_create_order" time="0.111" /><testcase classname="tests.test_iteration10.TestB2BPortal" name="test_order_visible_in_orders_and_portal" time="0.064" /><testcase classname="tests.test_iteration10.TestB2BPortal" name="test_notification_created" time="0.038" /><testcase classname="tests.test_iteration10.TestB2BPortal" name="test_empty_items_400" time="0.099" /><testcase classname="tests.test_iteration10.TestCargoCatalog" name="test_cleanup_leftover_providers" time="0.076" /><testcase classname="tests.test_iteration10.TestB2BPortal" name="test_disable_then_reenable" time="0.312" /><testcase classname="tests.test_iteration10.TestCargoCatalog" name="test_catalog_14_items" time="0.037" /><testcase classname="tests.test_iteration10.TestCargoCatalog" name="test_add_marketplace_connected" time="0.106" /><testcase classname="tests.test_iteration10.TestCargoCatalog" name="test_duplicate_400" time="0.074" /><testcase classname="tests.test_iteration10.TestCargoCatalog" name="test_unknown_code_400" time="0.071" /><testcase classname="tests.test_iteration10.TestB2BPortal" name="test_zz_cleanup_order" time="0.071" /><testcase classname="tests.test_iteration10.TestCargoCatalog" name="test_add_without_key_not_configured" time="0.072" /><testcase classname="tests.test_iteration12.TestBankingConnections" name="test_cleanup_stale_test_connections" time="0.090" /><testcase classname="tests.test_iteration10.TestCargoCatalog" name="test_list_integrations_shows_added" time="0.033" /><testcase classname="tests.test_iteration10.TestCargoCatalog" name="test_delete_removes" time="0.136" /><testcase classname="tests.test_iteration12.TestBankingConnections" name="test_list_connections" time="0.070" /><testcase classname="tests.test_iteration12.TestBankingConnections" name="test_create_connection_if_needed" time="0.063" /><testcase classname="tests.test_iteration10.TestCargoCatalog" name="test_delete_unknown_404" time="0.072" /><testcase classname="tests.test_iteration12.TestBankingConnections" name="test_test_connection" time="0.075" /><testcase classname="tests.test_iteration11.TestB2BOrders" name="test_create_b2b_order_and_delete" time="0.315" /><testcase classname="tests.test_iteration12.TestBankingConnections" name="test_sync_produces_transactions_sha256_seed" time="0.111" /><testcase classname="tests.test_iteration12.TestBankingConnections" name="test_sync_is_idempotent" time="0.075" /><testcase classname="tests.test_iteration12.TestBankingConnections" name="test_sync_unknown_404" time="0.029" /><testcase classname="tests.test_iteration11.TestUnits" name="test_defaults_with_counts" time="0.124" /><testcase classname="tests.test_iteration11.TestB2BOrders" name="test_empty_cart_400" time="0.030" /><testcase classname="tests.test_iteration11.TestB2BOrders" name="test_delete_unknown_order_404" time="0.032" /><testcase classname="tests.test_iteration11.TestB2BOrders" name="test_delete_invoiced_order_400" time="0.105" /><testcase classname="tests.test_iteration11.TestUnits" name="test_add_rename_delete" time="0.717" /><testcase classname="tests.test_iteration10.TestPerformance" name="test_performance_shape" time="0.121" /><testcase classname="tests.test_iteration10.TestPerformance" name="test_performance_with_range" time="0.072" /><testcase classname="tests.test_iteration11.TestCargo" name="test_add_list_delete_geliver" time="0.735" /><testcase classname="tests.test_iteration11.TestUnits" name="test_empty_name_400" time="0.069" /><testcase classname="tests.test_iteration11.TestUnits" name="test_delete_used_unit_400" time="0.146" /><testcase classname="tests.test_iteration11.TestCategories" name="test_add_and_delete_unused_category" time="0.371" /><testcase classname="tests.test_iteration11.TestCargo" name="test_unknown_code_400" time="0.075" /><testcase classname="tests.test_iteration11.TestConvertToInvoice" name="test_already_invoiced_returns_info" time="0.195" /><testcase classname="tests.test_iteration11.TestConvertToInvoice" name="test_convert_paper_resolves_contact" time="0.316" /><testcase classname="tests.test_iteration11.TestCategories" name="test_delete_used_category_400" time="0.312" /><testcase classname="tests.test_iteration12.TestConftestTokenResolution" name="test_resolve_b2b_token_without_env" time="0.155" /><testcase classname="tests.test_iteration12.TestConftestTokenResolution" name="test_b2b_access_endpoint_is_idempotent" time="0.148" /></testsuite></testsuites>