<?xml version="1.0" encoding="utf-8"?><testsuites name="pytest tests"><testsuite name="pytest" errors="0" failures="0" skipped="0" tests="3" time="0.967" timestamp="2026-09-05T08:14:33.703212+00:00" hostname="agent-env-3039e7a6-2a7f-49f6-9f74-ba3c1bc0bad6"><testcase classname="tests.test_iteration21.TestPayrollDivisor" name="test_generate_payroll_divisor_225" time="0.629" /><testcase classname="tests.test_iteration21.TestOrderNumberOptional" name="test_b2b_channel_no_order_number" time="0.253" /><testcase classname="tests.test_iteration21.TestOrderNumberOptional" name="test_marketplace_channel_no_order_number" time="0.233" /></testsuite></testsuites>