<?xml version="1.0" encoding="utf-8"?><testsuites name="pytest tests"><testsuite name="pytest" errors="0" failures="1" skipped="0" tests="22" time="2.348" timestamp="2026-09-03T22:35:02.551857+00:00" hostname="agent-env-3039e7a6-2a7f-49f6-9f74-ba3c1bc0bad6"><testcase classname="tests.test_iteration5.TestMappings" name="test_list_mappings" time="0.122" /><testcase classname="tests.test_iteration5.TestWhatsApp" name="test_settings_simulated_then_connected" time="0.258" /><testcase classname="tests.test_iteration5.TestMappings" name="test_create_mapping_and_upsert" time="0.397" /><testcase classname="tests.test_iteration5.TestWhatsApp" name="test_webhook_verify" time="0.152" /><testcase classname="tests.test_iteration5.TestWhatsApp" name="test_webhook_inbound_message" time="0.143"><failure message="AssertionError: expected cnt_01 match, got None&#10;assert None == 'cnt_01'">tests/test_iteration5.py:245: in test_webhook_inbound_message
    assert log["contact_id"] == "cnt_01", f"expected cnt_01 match, got {log.get('contact_id')}"
E   AssertionError: expected cnt_01 match, got None
E   assert None == 'cnt_01'</failure></testcase><testcase classname="tests.test_iteration5.TestMappings" name="test_create_mapping_missing_sku_400" time="0.100" /><testcase classname="tests.test_iteration5.TestWhatsApp" name="test_send_simulated" time="0.214" /><testcase classname="tests.test_iteration5.TestMappings" name="test_create_mapping_bad_product_404" time="0.070" /><testcase classname="tests.test_iteration5.TestMappings" name="test_unmapped" time="0.069" /><testcase classname="tests.test_iteration5.TestOrderFlows" name="test_approve_order" time="0.140" /><testcase classname="tests.test_iteration5.TestWhatsApp" name="test_send_validation_400" time="0.128" /><testcase classname="tests.test_iteration5.TestOrderFlows" name="test_approve_404" time="0.070" /><testcase classname="tests.test_iteration5.TestWhatsApp" name="test_reset_settings_to_simulated" time="0.030" /><testcase classname="tests.test_iteration5.TestAccountant" name="test_summary" time="0.032" /><testcase classname="tests.test_iteration5.TestOrderFlows" name="test_create_dispatch" time="0.152" /><testcase classname="tests.test_iteration5.TestAccountant" name="test_export_invoices_csv" time="0.032" /><testcase classname="tests.test_iteration5.TestAccountant" name="test_export_transactions_csv" time="0.027" /><testcase classname="tests.test_iteration5.TestInvoiceDraft" name="test_update_draft_recalculates" time="0.402" /><testcase classname="tests.test_iteration5.TestOrderFlows" name="test_return_order_restock" time="0.269" /><testcase classname="tests.test_iteration5.TestAttendance" name="test_check_in_out_and_absent" time="0.310" /><testcase classname="tests.test_iteration5.TestInvoiceDraft" name="test_update_invoice_404" time="0.075" /><testcase classname="tests.test_iteration5.TestAttendance" name="test_attendance_bad_employee_404" time="0.070" /></testsuite></testsuites>