<?xml version="1.0" encoding="utf-8"?><testsuites name="pytest tests"><testsuite name="pytest" errors="0" failures="0" skipped="0" tests="10" time="3.559" timestamp="2026-09-05T11:26:43.897461+00:00" hostname="agent-env-3039e7a6-2a7f-49f6-9f74-ba3c1bc0bad6"><testcase classname="tests.test_iteration23" name="test_create_template_ok" time="0.146" /><testcase classname="tests.test_iteration23" name="test_create_template_missing_name" time="0.093" /><testcase classname="tests.test_iteration23" name="test_create_template_bad_hours" time="0.084" /><testcase classname="tests.test_iteration23" name="test_list_templates" time="0.107" /><testcase classname="tests.test_iteration23" name="test_bulk_assign_department" time="0.231" /><testcase classname="tests.test_iteration23" name="test_bulk_assign_unknown_dept" time="0.090" /><testcase classname="tests.test_iteration23" name="test_bulk_assign_all_with_body_days" time="0.075" /><testcase classname="tests.test_iteration23" name="test_bulk_assign_employee_ids" time="0.199" /><testcase classname="tests.test_iteration23" name="test_leave_skip_and_conflict" time="0.966" /><testcase classname="tests.test_iteration23" name="test_delete_template_ok_and_404" time="1.254" /></testsuite></testsuites>