<?xml version="1.0" encoding="utf-8"?><testsuites name="pytest tests"><testsuite name="pytest" errors="0" failures="0" skipped="0" tests="22" time="5.482" timestamp="2026-09-05T19:18:22.469481+00:00" hostname="agent-env-3039e7a6-2a7f-49f6-9f74-ba3c1bc0bad6"><testcase classname="tests.test_iteration38.TestAuthGating" name="test_system_overview_no_token_is_401" time="0.126" /><testcase classname="tests.test_iteration38.TestAuthGating" name="test_system_overview_super_admin_ok" time="0.353" /><testcase classname="tests.test_iteration38.TestAuthGating" name="test_system_overview_non_super_admin_403" time="0.374" /><testcase classname="tests.test_iteration38.TestAuthGating" name="test_auth_me_no_token_authenticated_false" time="0.074" /><testcase classname="tests.test_iteration38.TestAuthGating" name="test_auth_me_with_token_authenticated_true" time="0.039" /><testcase classname="tests.test_iteration38.TestPublicSignup" name="test_public_plans" time="0.091" /><testcase classname="tests.test_iteration38.TestPublicSignup" name="test_signup_success_and_cookie" time="0.375" /><testcase classname="tests.test_iteration38.TestPublicSignup" name="test_signup_duplicate_email_400" time="0.084" /><testcase classname="tests.test_iteration38.TestPublicSignup" name="test_signup_short_password_400" time="0.087" /><testcase classname="tests.test_iteration38.TestPayments" name="test_checkout_ok" time="0.668" /><testcase classname="tests.test_iteration38.TestPayments" name="test_checkout_invalid_plan_400" time="0.033" /><testcase classname="tests.test_iteration38.TestPayments" name="test_payment_status_initiated" time="0.445" /><testcase classname="tests.test_iteration38.TestPayments" name="test_payment_status_not_found_404" time="0.071" /><testcase classname="tests.test_iteration38.TestPayments" name="test_system_payments_list" time="0.063" /><testcase classname="tests.test_iteration38.TestReminders" name="test_set_trial_1_day_and_run" time="1.304" /><testcase classname="tests.test_iteration38.TestReminders" name="test_reminders_dedupe" time="0.077" /><testcase classname="tests.test_iteration38.TestReminders" name="test_reminders_log_has_entry" time="0.087" /><testcase classname="tests.test_iteration38.TestReminders" name="test_notification_created" time="0.076" /><testcase classname="tests.test_iteration38.TestReminders" name="test_expire_then_run_locks_and_403" time="0.765" /><testcase classname="tests.test_iteration38.TestPlatformSettings" name="test_get_settings_defaults" time="0.076" /><testcase classname="tests.test_iteration38.TestPlatformSettings" name="test_put_settings_and_revert" time="0.148" /><testcase classname="tests.test_iteration38.TestRegression" name="test_main_company_still_enterprise_active" time="0.038" /></testsuite></testsuites>