<?xml version="1.0" encoding="utf-8"?><testsuites name="pytest tests"><testsuite name="pytest" errors="0" failures="0" skipped="0" tests="27" time="4.377" timestamp="2026-09-03T21:45:41.140518+00:00" hostname="agent-env-3039e7a6-2a7f-49f6-9f74-ba3c1bc0bad6"><testcase classname="tests.test_iteration3.TestContactOverview" name="test_overview_structure" time="0.263" /><testcase classname="tests.test_iteration3.TestContactOverview" name="test_overview_404" time="0.075" /><testcase classname="tests.test_iteration3.TestStockCount" name="test_preload_expands_variants" time="0.065" /><testcase classname="tests.test_iteration3.TestStockCount" name="test_scan_increments_variant" time="0.109" /><testcase classname="tests.test_iteration3.TestStockCount" name="test_scan_unknown_barcode_404" time="0.077" /><testcase classname="tests.test_iteration3.TestStockCount" name="test_set_item_counted" time="0.039" /><testcase classname="tests.test_iteration3.TestStockCount" name="test_complete_applies_stock" time="0.250" /><testcase classname="tests.test_iteration3.TestStockCount" name="test_scan_completed_count_400" time="0.074" /><testcase classname="tests.test_iteration3.TestStockCount" name="test_list_contains_count" time="0.031" /><testcase classname="tests.test_iteration3.TestStockCount" name="test_delete_count" time="0.288" /><testcase classname="tests.test_iteration3.TestLeaves" name="test_create_leave_pending_with_days" time="0.146" /><testcase classname="tests.test_iteration3.TestLeaves" name="test_create_leave_exceeding_balance_400" time="0.074" /><testcase classname="tests.test_iteration3.TestLeaves" name="test_end_before_start_400" time="0.073" /><testcase classname="tests.test_iteration3.TestLeaves" name="test_unknown_employee_404" time="0.073" /><testcase classname="tests.test_iteration3.TestLeaves" name="test_approve_increments_used_days" time="0.440" /><testcase classname="tests.test_iteration3.TestLeaves" name="test_reject_does_not_increment" time="0.293" /><testcase classname="tests.test_iteration3.TestLeaves" name="test_invalid_decision_400" time="0.147" /><testcase classname="tests.test_iteration3.TestSalaryCalc" name="test_gross_mode" time="0.072" /><testcase classname="tests.test_iteration3.TestSalaryCalc" name="test_net_mode_roundtrip" time="0.146" /><testcase classname="tests.test_iteration3.TestSalaryCalc" name="test_invalid_amount_400" time="0.139" /><testcase classname="tests.test_iteration3.TestBonuses" name="test_bonus_with_account_deducts_and_logs" time="0.417" /><testcase classname="tests.test_iteration3.TestBonuses" name="test_bonus_without_account_pending" time="0.247" /><testcase classname="tests.test_iteration3.TestBonuses" name="test_bonus_invalid_amount_400" time="0.072" /><testcase classname="tests.test_iteration3.TestBonuses" name="test_bonus_unknown_employee_404" time="0.071" /><testcase classname="tests.test_iteration3.TestBonuses" name="test_bonus_unknown_account_404" time="0.044" /><testcase classname="tests.test_iteration3.TestProductFlags" name="test_show_in_b2b_filter" time="0.205" /><testcase classname="tests.test_iteration3.TestProductFlags" name="test_track_stock_blocks_adjust" time="0.359" /></testsuite></testsuites>