<?xml version="1.0" encoding="utf-8"?><testsuites name="pytest tests"><testsuite name="pytest" errors="0" failures="0" skipped="0" tests="5" time="1.133" timestamp="2026-09-05T11:58:38.594465+00:00" hostname="agent-env-3039e7a6-2a7f-49f6-9f74-ba3c1bc0bad6"><testcase classname="tests.test_iteration26" name="test_profitability_structure" time="0.254" /><testcase classname="tests.test_iteration26" name="test_profitability_calculations_trendyol" time="0.039" /><testcase classname="tests.test_iteration26" name="test_fees_update_and_recompute" time="0.207" /><testcase classname="tests.test_iteration26" name="test_fees_invalid" time="0.272" /><testcase classname="tests.test_iteration26" name="test_real_trendyol_order_preserved" time="0.039" /></testsuite></testsuites>