<?xml version="1.0" encoding="utf-8"?><testsuites name="pytest tests"><testsuite name="pytest" errors="0" failures="0" skipped="0" tests="24" time="6.578" timestamp="2026-09-05T18:53:48.903217+00:00" hostname="agent-env-3039e7a6-2a7f-49f6-9f74-ba3c1bc0bad6"><testcase classname="tests.test_iteration37.TestAuthLicense" name="test_super_admin_login_returns_license" time="0.397" /><testcase classname="tests.test_iteration37.TestAuthLicense" name="test_auth_me_includes_license" time="0.514" /><testcase classname="tests.test_iteration37.TestSystemRBAC" name="test_non_super_admin_forbidden" time="0.430" /><testcase classname="tests.test_iteration37.TestSystemReadonly" name="test_overview" time="0.101" /><testcase classname="tests.test_iteration37.TestSystemReadonly" name="test_modules_catalog" time="0.096" /><testcase classname="tests.test_iteration37.TestSystemReadonly" name="test_plans" time="0.105" /><testcase classname="tests.test_iteration37.TestSystemReadonly" name="test_companies" time="0.107" /><testcase classname="tests.test_iteration37.TestPlanCRUD" name="test_plan_create_update_delete" time="0.318" /><testcase classname="tests.test_iteration37.TestCompanyCreate" name="test_new_company_trial" time="0.394" /><testcase classname="tests.test_iteration37.TestCompanyCreate" name="test_new_admin_login" time="0.300" /><testcase classname="tests.test_iteration37.TestCompanyCreate" name="test_short_password_400" time="0.092" /><testcase classname="tests.test_iteration37.TestCompanyCreate" name="test_duplicate_email_400" time="0.098" /><testcase classname="tests.test_iteration37.TestModuleToggle" name="test_disable_ecommerce_blocks_api" time="0.432" /><testcase classname="tests.test_iteration37.TestLicenseStatus" name="test_suspend_and_active" time="0.322" /><testcase classname="tests.test_iteration37.TestLicenseStatus" name="test_extend_days" time="0.305" /><testcase classname="tests.test_iteration37.TestUserLimit" name="test_user_limit_blocks_invite" time="0.341" /><testcase classname="tests.test_iteration37.TestCustomerLicense" name="test_license_me" time="0.084" /><testcase classname="tests.test_iteration37.TestCustomerLicense" name="test_upgrade_request_flow" time="0.426" /><testcase classname="tests.test_iteration37.TestRegisterTrial" name="test_register_creates_trial" time="0.508" /><testcase classname="tests.test_iteration37.TestEdocInbox" name="test_duplicate_upload_400" time="0.166" /><testcase classname="tests.test_iteration37.TestEdocInbox" name="test_list_pending" time="0.071" /><testcase classname="tests.test_iteration37.TestEdocInbox" name="test_approve_flow" time="0.651" /><testcase classname="tests.test_iteration37.TestEdocInbox" name="test_delete_approved_400" time="0.077" /><testcase classname="tests.test_iteration37.TestEdocInbox" name="test_reject_flow" time="0.169" /></testsuite></testsuites>