<?xml version="1.0" encoding="utf-8"?><testsuites name="pytest tests"><testsuite name="pytest" errors="0" failures="0" skipped="0" tests="10" time="8.628" timestamp="2026-09-05T13:12:22.593483+00:00" hostname="agent-env-3039e7a6-2a7f-49f6-9f74-ba3c1bc0bad6"><testcase classname="tests.test_iteration28" name="test_migration_sources_and_entities" time="0.120" /><testcase classname="tests.test_iteration28" name="test_migration_templates" time="0.156" /><testcase classname="tests.test_iteration28" name="test_contacts_migration_flow" time="0.623" /><testcase classname="tests.test_iteration28" name="test_products_migration_and_update_reimport" time="0.494" /><testcase classname="tests.test_iteration28" name="test_invoices_migration_and_rollback" time="0.311" /><testcase classname="tests.test_iteration28" name="test_bizimhesap_config_flow" time="0.492" /><testcase classname="tests.test_iteration28" name="test_marketplace_products_live" time="0.036" /><testcase classname="tests.test_iteration28" name="test_marketplace_product_create_and_delete" time="0.156" /><testcase classname="tests.test_iteration28" name="test_orders_manual_and_marketplace_status" time="0.312" /><testcase classname="tests.test_iteration28" name="test_ai_order_extract_and_confirm" time="5.674" /></testsuite></testsuites>