<?xml version="1.0" encoding="utf-8"?><testsuites name="pytest tests"><testsuite name="pytest" errors="0" failures="0" skipped="0" tests="15" time="2.540" timestamp="2026-09-05T19:36:16.769134+00:00" hostname="agent-env-3039e7a6-2a7f-49f6-9f74-ba3c1bc0bad6"><testcase classname="tests.test_iteration39.TestImpersonation" name="test_impersonate_no_token" time="0.116" /><testcase classname="tests.test_iteration39.TestImpersonation" name="test_impersonate_non_super" time="0.363" /><testcase classname="tests.test_iteration39.TestImpersonation" name="test_impersonate_unknown_company" time="0.490" /><testcase classname="tests.test_iteration39.TestImpersonation" name="test_impersonate_flow" time="0.512" /><testcase classname="tests.test_iteration39.TestPaytr" name="test_providers_paytr_disabled_initially" time="0.150" /><testcase classname="tests.test_iteration39.TestPaytr" name="test_paytr_session_when_disabled" time="0.073" /><testcase classname="tests.test_iteration39.TestPaytr" name="test_get_paytr_initial" time="0.070" /><testcase classname="tests.test_iteration39.TestPaytr" name="test_enable_without_creds_fails" time="0.216" /><testcase classname="tests.test_iteration39.TestPaytr" name="test_put_paytr_creds" time="0.074" /><testcase classname="tests.test_iteration39.TestPaytr" name="test_callback_bad_hash" time="0.090" /><testcase classname="tests.test_iteration39.TestPaytr" name="test_callback_correct_hash_unknown_order" time="0.132" /><testcase classname="tests.test_iteration39.TestPaytr" name="test_cleanup_disable" time="0.032" /><testcase classname="tests.test_iteration39.TestAutoInvoice" name="test_subscription_invoice_present" time="0.037" /><testcase classname="tests.test_iteration39.TestAutoInvoice" name="test_system_payments_has_invoice" time="0.030" /><testcase classname="tests.test_iteration39.TestAutoInvoice" name="test_payments_status_returns_invoice" time="0.103" /></testsuite></testsuites>