<?xml version="1.0" encoding="utf-8"?><testsuites name="pytest tests"><testsuite name="pytest" errors="0" failures="0" skipped="0" tests="3" time="1.400" timestamp="2026-09-05T09:44:42.490283+00:00" hostname="agent-env-3039e7a6-2a7f-49f6-9f74-ba3c1bc0bad6"><testcase classname="tests.test_iteration22.TestB2BTracking" name="test_portal_tracking_shape" time="0.171" /><testcase classname="tests.test_iteration22.TestB2BTracking" name="test_create_shipment_updates_tracking" time="0.182" /><testcase classname="tests.test_iteration22.TestShiftLeaveConflict" name="test_conflict_flow" time="0.813" /></testsuite></testsuites>