<?xml version="1.0" encoding="utf-8"?><testsuites name="pytest tests"><testsuite name="pytest" errors="0" failures="0" skipped="0" tests="11" time="1.751" timestamp="2026-09-05T18:01:49.799880+00:00" hostname="agent-env-3039e7a6-2a7f-49f6-9f74-ba3c1bc0bad6"><testcase classname="tests.test_iteration35.TestPricing" name="test_put_trendyol_rule" time="0.227" /><testcase classname="tests.test_iteration35.TestPricing" name="test_get_rules" time="0.062" /><testcase classname="tests.test_iteration35.TestPricing" name="test_compute_trendyol" time="0.063" /><testcase classname="tests.test_iteration35.TestPricing" name="test_compute_inline_rule" time="0.107" /><testcase classname="tests.test_iteration35.TestPricing" name="test_compute_shopphp_push_supported_false" time="0.061" /><testcase classname="tests.test_iteration35.TestPricing" name="test_restore_rule" time="0.053" /><testcase classname="tests.test_iteration35.TestSummary" name="test_preview" time="0.059" /><testcase classname="tests.test_iteration35.TestSummary" name="test_put_settings_with_email" time="0.043" /><testcase classname="tests.test_iteration35.TestSummary" name="test_send_with_email_no_smtp" time="0.826" /><testcase classname="tests.test_iteration35.TestSummary" name="test_send_no_recipients" time="0.103" /><testcase classname="tests.test_iteration35.TestSummary" name="test_cleanup" time="0.102" /></testsuite></testsuites>