<?xml version="1.0" encoding="utf-8"?><testsuites name="pytest tests"><testsuite name="pytest" errors="0" failures="0" skipped="0" tests="7" time="14.052" timestamp="2026-09-05T12:35:57.335586+00:00" hostname="agent-env-3039e7a6-2a7f-49f6-9f74-ba3c1bc0bad6"><testcase classname="tests.test_iteration27.TestTrashQuote" name="test_quote_trash_lifecycle" time="1.456" /><testcase classname="tests.test_iteration27.TestTrashBalanceHooks" name="test_bank_transaction_trash_restore_balance" time="0.993" /><testcase classname="tests.test_iteration27.TestTrashBalanceHooks" name="test_expense_paid_trash_restore" time="1.122" /><testcase classname="tests.test_iteration27.TestTrashProductContactOrder" name="test_multi_entity_trash" time="1.451" /><testcase classname="tests.test_iteration27.TestTrashProductContactOrder" name="test_invoiced_order_delete_returns_400" time="0.213" /><testcase classname="tests.test_iteration27.TestAutoContact" name="test_auto_contact_on_order_and_reuse" time="0.980" /><testcase classname="tests.test_iteration27.TestSettlement" name="test_settlement_full_flow" time="7.713" /></testsuite></testsuites>