<?xml version="1.0" encoding="utf-8"?><testsuites name="pytest tests"><testsuite name="pytest" errors="0" failures="0" skipped="0" tests="8" time="1.006" timestamp="2026-09-05T13:25:07.249581+00:00" hostname="agent-env-3039e7a6-2a7f-49f6-9f74-ba3c1bc0bad6"><testcase classname="tests.test_iteration29_labels" name="test_00_cleanup_pre" time="0.164" /><testcase classname="tests.test_iteration29_labels" name="test_01_create_template" time="0.076" /><testcase classname="tests.test_iteration29_labels" name="test_02_list_contains" time="0.073" /><testcase classname="tests.test_iteration29_labels" name="test_03_put_is_default_true_undefaults_others" time="0.153" /><testcase classname="tests.test_iteration29_labels" name="test_04_put_name_update" time="0.151" /><testcase classname="tests.test_iteration29_labels" name="test_05_delete" time="0.071" /><testcase classname="tests.test_iteration29_labels" name="test_06_delete_again_404" time="0.072" /><testcase classname="tests.test_iteration29_labels" name="test_99_cleanup_restore_default" time="0.222" /></testsuite></testsuites>