<?xml version="1.0" encoding="utf-8"?><testsuites name="pytest tests"><testsuite name="pytest" errors="0" failures="0" skipped="0" tests="11" time="9.890" timestamp="2026-09-05T13:51:31.193223+00:00" hostname="agent-env-3039e7a6-2a7f-49f6-9f74-ba3c1bc0bad6"><testcase classname="tests.test_iteration30.TestMigrationAIMap" name="test_parse_and_ai_map" time="7.447" /><testcase classname="tests.test_iteration30.TestBizimHesap" name="test_config_configured" time="0.100" /><testcase classname="tests.test_iteration30.TestBizimHesap" name="test_bh_test_once" time="0.311" /><testcase classname="tests.test_iteration30.TestEcommerceCatalog" name="test_catalog_structure" time="0.077" /><testcase classname="tests.test_iteration30.TestEcommerceCatalog" name="test_add_remove_pazarama" time="0.409" /><testcase classname="tests.test_iteration30.TestEcommerceCatalog" name="test_list_shows_shopphp" time="0.085" /><testcase classname="tests.test_iteration30.TestShopPHP" name="test_sync_now_idempotent" time="0.719" /><testcase classname="tests.test_iteration30.TestShopPHP" name="test_orders_contain_real" time="0.083" /><testcase classname="tests.test_iteration30.TestShopPHP" name="test_marketplace_products_shopphp" time="0.078" /><testcase classname="tests.test_iteration30.TestShopPHP" name="test_push_rejected_for_shopphp" time="0.091" /><testcase classname="tests.test_iteration30.TestSettlement" name="test_put_and_reset_settlement" time="0.295" /></testsuite></testsuites>