<?xml version="1.0" encoding="utf-8"?><testsuites name="pytest tests"><testsuite name="pytest" errors="0" failures="0" skipped="0" tests="10" time="6.144" timestamp="2026-09-05T14:59:17.775463+00:00" hostname="agent-env-3039e7a6-2a7f-49f6-9f74-ba3c1bc0bad6"><testcase classname="tests.test_shopphp_iter32" name="test_ecommerce_list_has_shopphp_connected" time="0.526" /><testcase classname="tests.test_shopphp_iter32" name="test_shopphp_test_connection_success" time="0.993" /><testcase classname="tests.test_shopphp_iter32" name="test_shopphp_sync_now" time="0.429" /><testcase classname="tests.test_shopphp_iter32" name="test_orders_has_shopphp" time="0.086" /><testcase classname="tests.test_shopphp_iter32" name="test_marketplace_products_shopphp" time="0.157" /><testcase classname="tests.test_shopphp_iter32" name="test_shopphp_full_urls_correct_slots" time="0.747" /><testcase classname="tests.test_shopphp_iter32" name="test_shopphp_urls_swapped_slots_still_works" time="0.708" /><testcase classname="tests.test_shopphp_iter32" name="test_shopphp_empty_api_key_errors" time="0.224" /><testcase classname="tests.test_shopphp_iter32" name="test_zzz_restore_shopphp" time="0.714" /><testcase classname="tests.test_shopphp_iter32" name="test_dashboard_masking_when_view_prices_false" time="1.242" /></testsuite></testsuites>