<?xml version="1.0" encoding="utf-8"?><testsuites name="pytest tests"><testsuite name="pytest" errors="0" failures="0" skipped="0" tests="9" time="4.532" timestamp="2026-09-05T22:10:30.000857+00:00" hostname="agent-env-3039e7a6-2a7f-49f6-9f74-ba3c1bc0bad6"><testcase classname="tests.test_iteration40.TestSubscriptionInvoicePDF" name="test_get_subscription_invoice_pdf" time="0.457" /><testcase classname="tests.test_iteration40.TestSubscriptionInvoicePDF" name="test_pdf_not_found" time="0.076" /><testcase classname="tests.test_iteration40.TestRenewLink" name="test_bad_token" time="0.085" /><testcase classname="tests.test_iteration40.TestRenewLink" name="test_renew_info_and_checkout" time="1.687" /><testcase classname="tests.test_iteration40.TestReminders" name="test_reminder_run_and_renew_link" time="0.534" /><testcase classname="tests.test_iteration40.TestReminders" name="test_cleanup_b2b_license" time="0.072" /><testcase classname="tests.test_iteration40.TestPublicUrl" name="test_set_and_clear_public_url" time="0.145" /><testcase classname="tests.test_iteration40.TestWithholding" name="test_draft_and_approved" time="1.240" /><testcase classname="tests.test_iteration40.TestPrintTemplate" name="test_get_put_order_template" time="0.188" /></testsuite></testsuites>