<?xml version="1.0" encoding="utf-8"?><testsuites name="pytest tests"><testsuite name="pytest" errors="0" failures="0" skipped="0" tests="20" time="10.494" timestamp="2026-09-05T00:37:53.677511+00:00" hostname="agent-env-3039e7a6-2a7f-49f6-9f74-ba3c1bc0bad6"><testcase classname="tests.test_iteration18.TestWorkScheduleGet" name="test_defaults" time="0.182" /><testcase classname="tests.test_iteration18.TestPerDaySchedule" name="test_save_days_and_compute" time="0.240" /><testcase classname="tests.test_iteration18.TestPerDaySchedule" name="test_invalid_day_window_rejected" time="0.073" /><testcase classname="tests.test_iteration18.TestPerDaySchedule" name="test_revert_days" time="0.081" /><testcase classname="tests.test_iteration18.TestEmployeeCompensation" name="test_set_fields_and_card" time="0.133" /><testcase classname="tests.test_iteration18.TestEmployeeCompensation" name="test_employee_day_override_applies" time="0.050" /><testcase classname="tests.test_iteration18.TestEmployeeCompensation" name="test_clear_employee_schedule" time="0.075" /><testcase classname="tests.test_iteration18.TestOvertimePreview" name="test_create_records" time="0.307" /><testcase classname="tests.test_iteration18.TestOvertimePreview" name="test_legal_method" time="0.077" /><testcase classname="tests.test_iteration18.TestOvertimePreview" name="test_fixed_method" time="0.145" /><testcase classname="tests.test_iteration18.TestOvertimePreview" name="test_reset_to_legal" time="0.071" /><testcase classname="tests.test_iteration18.TestPayroll" name="test_generate" time="0.038" /><testcase classname="tests.test_iteration18.TestPayroll" name="test_regenerate_is_upsert" time="0.067" /><testcase classname="tests.test_iteration18.TestAttendanceAlerts" name="test_run_alerts" time="0.319" /><testcase classname="tests.test_iteration18.TestRuleSuggestions" name="test_endpoint_shape" time="0.218" /><testcase classname="tests.test_iteration18b.TestLateCheckinNotification" name="test_late_checkin_creates_notification" time="2.188" /><testcase classname="tests.test_iteration18b.TestLateCheckinNotification" name="test_notify_late_disabled_creates_nothing" time="3.612" /><testcase classname="tests.test_iteration18b.TestRuleSuggestionFlow" name="test_two_matches_produce_suggestion" time="1.486" /><testcase classname="tests.test_iteration18b.TestRuleSuggestionFlow" name="test_accept_creates_rule_and_applies_pending" time="0.105" /><testcase classname="tests.test_iteration18b.TestRuleSuggestionFlow" name="test_suggestion_disappears_after_rule" time="0.999" /></testsuite></testsuites>