<?xml version="1.0" encoding="utf-8"?><testsuites name="pytest tests"><testsuite name="pytest" errors="0" failures="0" skipped="0" tests="11" time="3.969" timestamp="2026-09-05T15:36:10.782240+00:00" hostname="agent-env-3039e7a6-2a7f-49f6-9f74-ba3c1bc0bad6"><testcase classname="tests.test_shopphp_rest_iter33" name="test_1_list_no_creds" time="0.426" /><testcase classname="tests.test_shopphp_rest_iter33" name="test_2_push_no_creds_shopphp_order" time="0.490" /><testcase classname="tests.test_shopphp_rest_iter33" name="test_3_push_on_trendyol_order" time="0.184" /><testcase classname="tests.test_shopphp_rest_iter33" name="test_4_rest_test_no_creds" time="0.072" /><testcase classname="tests.test_shopphp_rest_iter33" name="test_5_put_credentials" time="0.095" /><testcase classname="tests.test_shopphp_rest_iter33" name="test_6_list_after_creds" time="0.109" /><testcase classname="tests.test_shopphp_rest_iter33" name="test_7_rest_test_invalid_creds" time="0.273" /><testcase classname="tests.test_shopphp_rest_iter33" name="test_8_push_shopphp_invalid_creds" time="0.540" /><testcase classname="tests.test_shopphp_rest_iter33" name="test_9_status_update_still_200" time="0.079" /><testcase classname="tests.test_shopphp_rest_iter33" name="test_10_sync_now" time="0.370" /><testcase classname="tests.test_shopphp_rest_iter33" name="test_99_cleanup" time="1.010" /></testsuite></testsuites>