<?xml version="1.0" encoding="utf-8"?><testsuites name="pytest tests"><testsuite name="pytest" errors="0" failures="2" skipped="0" tests="21" time="4.721" timestamp="2026-09-04T00:41:31.823255+00:00" hostname="agent-env-3039e7a6-2a7f-49f6-9f74-ba3c1bc0bad6"><testcase classname="tests.test_iteration8.TestWorkOrderFlow" name="test_01_recipe_steps_persist" time="0.210" /><testcase classname="tests.test_iteration8.TestWorkOrderFlow" name="test_02_recipe_unit_cost_present" time="0.074" /><testcase classname="tests.test_iteration8.TestWorkOrderFlow" name="test_03_create_order_generates_two_work_orders" time="0.152" /><testcase classname="tests.test_iteration8.TestWorkOrderFlow" name="test_03b_no_mongo_id_leak" time="0.000"><failure message="AssertionError: Mongo _id leaked in work-order payloads&#10;assert True is False&#10; +  where True = &lt;built-in method get of dict object at 0xfedd0755bdc0&gt;('id_leak')&#10; +    where &lt;built-in method get of dict object at 0xfedd0755bdc0&gt; = {'orig_steps': [{'no': 1, 'name': 'Montaj', 'station': 'Montaj Hattı 1', 'duration_min': 20}, {'no': 2, 'name': 'Kalite Kontrol', 'station': 'QC', 'duration_min': 5}], 'rec_unit_cost': 670.0, 'order_id': '27d1c359-4b05-4dfe-8266-3db39a2a6a2e', 'order_code': 'URT-2026-47266', ...}.get">tests/test_iteration8.py:81: in test_03b_no_mongo_id_leak
    assert STATE.get("id_leak") is False, "Mongo _id leaked in work-order payloads"
E   AssertionError: Mongo _id leaked in work-order payloads
E   assert True is False
E    +  where True = &lt;built-in method get of dict object at 0xfedd0755bdc0&gt;('id_leak')
E    +    where &lt;built-in method get of dict object at 0xfedd0755bdc0&gt; = {'orig_steps': [{'no': 1, 'name': 'Montaj', 'station': 'Montaj Hattı 1', 'duration_min': 20}, {'no': 2, 'name': 'Kalite Kontrol', 'station': 'QC', 'duration_min': 5}], 'rec_unit_cost': 670.0, 'order_id': '27d1c359-4b05-4dfe-8266-3db39a2a6a2e', 'order_code': 'URT-2026-47266', ...}.get</failure></testcase><testcase classname="tests.test_iteration8.TestWorkOrderFlow" name="test_04_stations_endpoint" time="0.030" /><testcase classname="tests.test_iteration8.TestWorkOrderFlow" name="test_05_generate_work_orders_idempotent" time="0.074" /><testcase classname="tests.test_iteration8.TestWorkOrderFlow" name="test_06_start_wo1_sets_order_in_production" time="0.131" /><testcase classname="tests.test_iteration8.TestWorkOrderFlow" name="test_07_start_waiting_step_rejected" time="0.074" /><testcase classname="tests.test_iteration8.TestWorkOrderFlow" name="test_08_pause_and_resume" time="2.276" /><testcase classname="tests.test_iteration8.TestWorkOrderFlow" name="test_09_assign_work_order" time="0.112" /><testcase classname="tests.test_iteration8.TestWorkOrderFlow" name="test_10_finish_wo1_activates_wo2" time="0.197" /><testcase classname="tests.test_iteration8.TestWorkOrderFlow" name="test_11_finish_done_wo_rejected" time="0.078" /><testcase classname="tests.test_iteration8.TestWorkOrderFlow" name="test_12_finish_last_step_completes_order_and_moves_stock" time="0.197" /><testcase classname="tests.test_iteration8.TestWorkOrderFlow" name="test_13_finished_products_stay_out_of_ready_list" time="0.067" /><testcase classname="tests.test_iteration8.TestWorkOrderFlow" name="test_14_station_filter" time="0.030" /><testcase classname="tests.test_iteration8.TestWorkOrderFlow" name="test_15_404s" time="0.143" /><testcase classname="tests.test_iteration8.TestIteration7Fixes" name="test_recipe_without_code_autogenerates" time="0.099"><failure message="AssertionError: expected auto-code, got 422: {&quot;detail&quot;:[{&quot;type&quot;:&quot;missing&quot;,&quot;loc&quot;:[&quot;body&quot;,&quot;code&quot;],&quot;msg&quot;:&quot;Field required&quot;,&quot;input&quot;:{&quot;company_id&quot;:&quot;comp_nexus_main_01&quot;,&quot;name&quot;:&quot;TEST_Reçete_it8&quot;,&quot;finished_product_id&quot;:&quot;prod_01&quot;,&quot;finished_product_name&quot;:&quot;Nexus Akıllı Bluetooth Kulaklık Pro Max (ANC)&quot;,&quot;materials&quot;:[{&quot;product_id&quot;:&quot;prod_02&quot;,&quot;product_name&quot;:&quot;N&#10;assert 422 in (200, 201)&#10; +  where 422 = &lt;Response [422]&gt;.status_code">tests/test_iteration8.py:198: in test_recipe_without_code_autogenerates
    assert r.status_code in (200, 201), f"expected auto-code, got {r.status_code}: {r.text[:300]}"
E   AssertionError: expected auto-code, got 422: {"detail":[{"type":"missing","loc":["body","code"],"msg":"Field required","input":{"company_id":"comp_nexus_main_01","name":"TEST_Reçete_it8","finished_product_id":"prod_01","finished_product_name":"Nexus Akıllı Bluetooth Kulaklık Pro Max (ANC)","materials":[{"product_id":"prod_02","product_name":"N
E   assert 422 in (200, 201)
E    +  where 422 = &lt;Response [422]&gt;.status_code</failure></testcase><testcase classname="tests.test_iteration8.TestIteration7Fixes" name="test_product_without_barcode_autogenerates" time="0.070" /><testcase classname="tests.test_iteration8.TestIteration7Fixes" name="test_complete_planned_order_rejected" time="0.144" /><testcase classname="tests.test_iteration8.TestIteration7Fixes" name="test_complete_without_update_cost_keeps_purchase_price" time="0.274" /><testcase classname="tests.test_iteration8.TestIteration7Fixes" name="test_invoice_edit_guard" time="0.174" /></testsuite></testsuites>