<?xml version="1.0" encoding="utf-8"?><testsuites name="pytest tests"><testsuite name="pytest" errors="0" failures="4" skipped="1" tests="180" time="21.088" timestamp="2026-09-04T00:17:00.381914+00:00" hostname="agent-env-3039e7a6-2a7f-49f6-9f74-ba3c1bc0bad6"><testcase classname="tests.backend_test.TestProducts" name="test_list_products_have_ids" time="0.127" /><testcase classname="tests.backend_test.TestBankConnections" name="test_providers" time="0.111" /><testcase classname="tests.backend_test.TestBankConnections" name="test_create_connection_simulated" time="0.070" /><testcase classname="tests.backend_test.TestProducts" name="test_barcode_variant_lookup" time="0.032" /><testcase classname="tests.backend_test.TestProducts" name="test_barcode_not_found" time="0.072" /><testcase classname="tests.backend_test.TestBankConnections" name="test_create_connection_bad_provider" time="0.065" /><testcase classname="tests.backend_test.TestProducts" name="test_image_upload_and_serve" time="0.767" /><testcase classname="tests.backend_test.TestBankConnections" name="test_create_connection_bad_account" time="0.489" /><testcase classname="tests.backend_test.TestBankConnections" name="test_test_endpoint" time="0.261" /><testcase classname="tests.backend_test.TestBankConnections" name="test_sync_inserts_then_skips" time="0.145" /><testcase classname="tests.backend_test.TestProducts" name="test_image_wrong_content_type" time="0.071" /><testcase classname="tests.backend_test.TestProducts" name="test_update_cover_images" time="0.090" /><testcase classname="tests.backend_test.TestBankConnections" name="test_unmatched_list_flags" time="0.027" /><testcase classname="tests.backend_test.TestProducts" name="test_variants_autofill_and_stock_sum" time="0.117" /><testcase classname="tests.backend_test.TestBankConnections" name="test_secrets_masked" time="0.135" /><testcase classname="tests.backend_test.TestProducts" name="test_variants_duplicate_sku_400" time="0.073" /><testcase classname="tests.backend_test.TestBankConnections" name="test_match_transaction_and_learn_rule" time="0.449" /><testcase classname="tests.backend_test.TestProducts" name="test_quick_stock_adjust_variant" time="0.212" /><testcase classname="tests.backend_test.TestProducts" name="test_quick_stock_adjust_bad_variant" time="0.069" /><testcase classname="tests.backend_test.TestPartners" name="test_list_partners_seeded" time="0.082" /><testcase classname="tests.backend_test.TestPartners" name="test_partners_summary" time="0.071" /><testcase classname="tests.backend_test.TestBankConnections" name="test_manual_rule_and_auto_match" time="0.406" /><testcase classname="tests.backend_test.TestPartners" name="test_create_partner_over_100" time="0.069" /><testcase classname="tests.backend_test.TestPartners" name="test_capital_in_updates_balances" time="0.301" /><testcase classname="tests.backend_test.TestPartners" name="test_withdrawal" time="0.212" /><testcase classname="tests.backend_test.TestBankConnections" name="test_create_duplicate_rule_pattern" time="0.201" /><testcase classname="tests.backend_test.TestBankConnections" name="test_empty_rule_pattern_400" time="0.067" /><testcase classname="tests.backend_test.TestPartners" name="test_invalid_partner_tx_type" time="0.154" /><testcase classname="tests.backend_test.TestBankConnections" name="test_sync_all" time="0.138" /><testcase classname="tests.backend_test.TestPartners" name="test_distribute_profit_accrual" time="0.220" /><testcase classname="tests.backend_test.TestBankConnections" name="test_zz_delete_connection" time="0.133" /><testcase classname="tests.backend_test.TestCommSms" name="test_settings_roundtrip_no_password_leak" time="0.136" /><testcase classname="tests.backend_test.TestPartners" name="test_distribute_profit_pay_now" time="0.129" /><testcase classname="tests.backend_test.TestCommSms" name="test_balance_simulated" time="0.067" /><testcase classname="tests.backend_test.TestPartners" name="test_delete_partner_with_balance_400" time="0.137" /><testcase classname="tests.backend_test.TestCommSms" name="test_send_simulated" time="0.097" /><testcase classname="tests.backend_test.TestCommSms" name="test_send_invalid_phone" time="0.066" /><testcase classname="tests.backend_test.TestPartners" name="test_create_and_delete_zero_balance_partner" time="0.205" /><testcase classname="tests.backend_test.TestCommSms" name="test_send_empty_message_400" time="0.067" /><testcase classname="tests.backend_test.TestCommSms" name="test_send_no_recipient_400" time="0.066" /><testcase classname="tests.backend_test.TestCommSms" name="test_seeded_contacts_have_mobile_numbers" time="0.026" /><testcase classname="tests.backend_test.TestCommSms" name="test_campaign_personalizes" time="0.440" /><testcase classname="tests.test_iteration4.TestQuotes" name="test_create_totals_and_number" time="0.561" /><testcase classname="tests.backend_test.TestCommSms" name="test_campaign_empty_400" time="0.066" /><testcase classname="tests.backend_test.TestCommSms" name="test_comm_history_by_contact" time="0.058" /><testcase classname="tests.test_iteration4.TestQuotes" name="test_empty_items_400" time="0.293" /><testcase classname="tests.test_requested_flows" name="test_auth_and_dashboard" time="0.315" /><testcase classname="tests.test_iteration4.TestQuotes" name="test_status_update_persists" time="0.355" /><testcase classname="tests.test_requested_flows" name="test_read_all_seeded_modules" time="0.608" /><testcase classname="tests.test_iteration4.TestQuotes" name="test_items_recalculated_on_update" time="0.282" /><testcase classname="tests.test_iteration4.TestQuotes" name="test_convert_to_invoice" time="0.725" /><testcase classname="tests.test_requested_flows" name="test_contact_create_and_statement" time="0.086" /><testcase classname="tests.test_requested_flows" name="test_invoice_gib_and_preview_data" time="0.087" /><testcase classname="tests.test_requested_flows" name="test_banking_virman_persists_balances" time="0.131" /><testcase classname="tests.test_requested_flows" name="test_barcode_and_stock_adjustment" time="0.086" /><testcase classname="tests.test_requested_flows" name="test_ecommerce_connection_and_sync" time="0.132" /><testcase classname="tests.test_requested_flows" name="test_cargo_shipment_and_order_conversion" time="0.088"><skipped type="pytest.skip" message="all seeded orders already invoiced">/app/backend/tests/test_requested_flows.py:119: all seeded orders already invoiced</skipped></testcase><testcase classname="tests.test_requested_flows" name="test_warehouse_production_payroll_and_ai" time="6.613" /><testcase classname="tests.test_iteration4.TestQuotes" name="test_delete_quote" time="0.332" /><testcase classname="tests.test_iteration4.TestQuotes" name="test_get_missing_quote_404" time="0.076" /><testcase classname="tests.test_iteration4.TestQuotes" name="test_upload_image_to_quote" time="0.647" /><testcase classname="tests.test_iteration4.TestQuotes" name="test_upload_pdf_allowed_txt_rejected" time="0.441" /><testcase classname="tests.test_iteration3.TestStockCount" name="test_preload_expands_variants" time="0.102" /><testcase classname="tests.test_iteration3.TestStockCount" name="test_scan_increments_variant" time="0.099" /><testcase classname="tests.test_iteration3.TestStockCount" name="test_scan_unknown_barcode_404" time="0.071" /><testcase classname="tests.test_iteration3.TestStockCount" name="test_set_item_counted" time="0.031" /><testcase classname="tests.test_iteration3.TestStockCount" name="test_complete_applies_stock" time="0.218" /><testcase classname="tests.test_iteration3.TestStockCount" name="test_scan_completed_count_400" time="0.068" /><testcase classname="tests.test_iteration3.TestStockCount" name="test_list_contains_count" time="0.027" /><testcase classname="tests.test_iteration3.TestStockCount" name="test_delete_count" time="0.273" /><testcase classname="tests.test_iteration3.TestLeaves" name="test_create_leave_pending_with_days" time="0.101" /><testcase classname="tests.test_iteration3.TestLeaves" name="test_create_leave_exceeding_balance_400" time="0.069" /><testcase classname="tests.test_iteration3.TestLeaves" name="test_end_before_start_400" time="0.074" /><testcase classname="tests.test_iteration3.TestLeaves" name="test_unknown_employee_404" time="0.068" /><testcase classname="tests.test_iteration3.TestLeaves" name="test_approve_increments_used_days" time="0.414" /><testcase classname="tests.test_iteration3.TestLeaves" name="test_reject_does_not_increment" time="0.284" /><testcase classname="tests.test_iteration3.TestLeaves" name="test_invalid_decision_400" time="0.140" /><testcase classname="tests.test_iteration5.TestWhatsApp" name="test_settings_simulated_then_connected" time="0.150" /><testcase classname="tests.test_iteration5.TestWhatsApp" name="test_webhook_verify" time="0.142" /><testcase classname="tests.test_iteration5.TestWhatsApp" name="test_webhook_inbound_message" time="0.105" /><testcase classname="tests.test_iteration5.TestWhatsApp" name="test_send_simulated" time="0.295" /><testcase classname="tests.test_iteration5.TestWhatsApp" name="test_send_validation_400" time="0.069" /><testcase classname="tests.test_iteration5.TestWhatsApp" name="test_reset_settings_to_simulated" time="0.070" /><testcase classname="tests.test_iteration7.TestProduction" name="test_list_recipes_has_unit_cost" time="0.068" /><testcase classname="tests.test_iteration7.TestProduction" name="test_create_recipe_fills_cost" time="0.148" /><testcase classname="tests.test_iteration7.TestProduction" name="test_update_recipe" time="0.068" /><testcase classname="tests.test_iteration7.TestProduction" name="test_requirements" time="0.068" /><testcase classname="tests.test_iteration7.TestProduction" name="test_order_lifecycle" time="1.192" /><testcase classname="tests.test_iteration7.TestProduction" name="test_delete_recipe" time="0.093" /><testcase classname="tests.test_iteration3.TestBonuses" name="test_bonus_with_account_deducts_and_logs" time="0.405" /><testcase classname="tests.test_iteration3.TestBonuses" name="test_bonus_without_account_pending" time="0.221" /><testcase classname="tests.backend_test.TestCommMail" name="test_presets" time="0.028" /><testcase classname="tests.backend_test.TestCommMail" name="test_account_null_initially" time="0.133" /><testcase classname="tests.test_iteration3.TestBonuses" name="test_bonus_invalid_amount_400" time="0.073" /><testcase classname="tests.backend_test.TestCommMail" name="test_folders_without_account_404" time="0.067" /><testcase classname="tests.test_iteration3.TestBonuses" name="test_bonus_unknown_employee_404" time="0.072" /><testcase classname="tests.backend_test.TestCommMail" name="test_save_bogus_account_graceful" time="0.378" /><testcase classname="tests.test_iteration3.TestBonuses" name="test_bonus_unknown_account_404" time="0.068" /><testcase classname="tests.test_iteration5.TestMappings" name="test_list_mappings" time="0.072" /><testcase classname="tests.test_iteration5.TestMappings" name="test_create_mapping_and_upsert" time="0.383" /><testcase classname="tests.backend_test.TestCommMail" name="test_folders_502" time="0.691"><failure message="AssertionError: 424&#10;assert 424 == 502&#10; +  where 424 = &lt;Response [424]&gt;.status_code">self = &lt;backend_test.TestCommMail object at 0xfdddea54fcd0&gt;
s = &lt;requests.sessions.Session object at 0xfdddeaea0890&gt;

    def test_folders_502(self, s):
        r = s.get(f"{BASE}/comm/mail/folders", timeout=120)
&gt;       assert r.status_code == 502, r.status_code
E       AssertionError: 424
E       assert 424 == 502
E        +  where 424 = &lt;Response [424]&gt;.status_code

tests/backend_test.py:489: AssertionError</failure></testcase><testcase classname="tests.test_iteration5.TestMappings" name="test_create_mapping_missing_sku_400" time="0.102" /><testcase classname="tests.test_iteration5.TestMappings" name="test_create_mapping_bad_product_404" time="0.070" /><testcase classname="tests.test_iteration5.TestMappings" name="test_unmapped" time="0.072" /><testcase classname="tests.test_iteration7.TestQuoteApproval" name="test_send_approval" time="0.144" /><testcase classname="tests.test_iteration7.TestQuoteApproval" name="test_no_channel_400" time="0.067" /><testcase classname="tests.test_iteration7.TestQuoteApproval" name="test_email_channel_without_account_fails_gracefully" time="0.196" /><testcase classname="tests.backend_test.TestCommMail" name="test_send_502" time="0.101"><failure message="AssertionError: 424&#10;assert 424 == 502&#10; +  where 424 = &lt;Response [424]&gt;.status_code">self = &lt;backend_test.TestCommMail object at 0xfdddea5542d0&gt;
s = &lt;requests.sessions.Session object at 0xfdddeaea0890&gt;

    def test_send_502(self, s):
        r = s.post(f"{BASE}/comm/mail/send",
                   data={"company_id": COMPANY, "to": "someone@example.com", "subject": "TEST",
                         "body": "TEST"}, timeout=120)
&gt;       assert r.status_code == 502, r.status_code
E       AssertionError: 424
E       assert 424 == 502
E        +  where 424 = &lt;Response [424]&gt;.status_code

tests/backend_test.py:498: AssertionError</failure></testcase><testcase classname="tests.backend_test.TestCommMail" name="test_send_no_recipient_400" time="0.068" /><testcase classname="tests.test_iteration7.TestQuoteApproval" name="test_public_view_and_respond" time="0.763" /><testcase classname="tests.backend_test.TestCommMail" name="test_zz_delete_account" time="0.134" /><testcase classname="tests.test_iteration4.TestProjects" name="test_project_crud" time="0.695" /><testcase classname="tests.test_iteration7.TestQuoteApproval" name="test_notification_created_and_read" time="0.255" /><testcase classname="tests.test_iteration4.TestProjects" name="test_project_requires_name" time="0.070" /><testcase classname="tests.test_iteration4.TestProjects" name="test_project_quote_aggregation" time="0.309" /><testcase classname="tests.test_iteration5.TestOrderFlows" name="test_approve_order" time="0.177" /><testcase classname="tests.test_iteration5.TestOrderFlows" name="test_approve_404" time="0.030" /><testcase classname="tests.test_iteration5.TestOrderFlows" name="test_create_dispatch" time="0.141" /><testcase classname="tests.test_iteration4.TestProjects" name="test_update_missing_project_404" time="0.030" /><testcase classname="tests.test_iteration6.TestGibLookup" name="test_vkn" time="0.079" /><testcase classname="tests.test_iteration6.TestGibLookup" name="test_tckn" time="0.069" /><testcase classname="tests.test_iteration5.TestOrderFlows" name="test_return_order_restock" time="0.259" /><testcase classname="tests.test_iteration6.TestGibLookup" name="test_invalid" time="0.067" /><testcase classname="tests.test_iteration6.TestGibLookup" name="test_local_contact" time="0.165" /><testcase classname="tests.test_iteration3.TestSalaryCalc" name="test_gross_mode" time="0.068" /><testcase classname="tests.test_iteration4.TestPrintTemplates" name="test_defaults_present" time="0.043" /><testcase classname="tests.test_iteration3.TestSalaryCalc" name="test_net_mode_roundtrip" time="0.136" /><testcase classname="tests.test_iteration4.TestPrintTemplates" name="test_save_invoice_template_persists" time="0.277" /><testcase classname="tests.test_iteration3.TestSalaryCalc" name="test_invalid_amount_400" time="0.135" /><testcase classname="tests.test_iteration4.TestEInvoice" name="test_providers" time="0.079" /><testcase classname="tests.test_iteration4.TestPrintTemplates" name="test_invalid_doc_type" time="0.030" /><testcase classname="tests.test_iteration4.TestSurveys" name="test_survey_crud_and_convert" time="0.252" /><testcase classname="tests.test_iteration4.TestEInvoice" name="test_configure_then_reset" time="0.270" /><testcase classname="tests.test_iteration4.TestSurveys" name="test_update_missing_survey_404" time="0.029" /><testcase classname="tests.test_iteration4.TestSurveys" name="test_convert_missing_survey_404" time="0.029" /><testcase classname="tests.test_iteration4.TestEInvoice" name="test_bad_provider" time="0.073" /><testcase classname="tests.test_iteration6.TestGeneralDiscount" name="test_rate" time="0.065" /><testcase classname="tests.test_iteration5.TestAccountant" name="test_summary" time="0.034" /><testcase classname="tests.test_iteration6.TestGeneralDiscount" name="test_amount" time="0.071" /><testcase classname="tests.test_iteration5.TestAccountant" name="test_export_invoices_csv" time="0.036" /><testcase classname="tests.test_iteration5.TestAccountant" name="test_export_transactions_csv" time="0.027" /><testcase classname="tests.test_iteration6.TestGeneralDiscount" name="test_item_discount_persisted" time="0.110" /><testcase classname="tests.test_iteration3.TestContactOverview" name="test_overview_structure" time="0.038" /><testcase classname="tests.test_iteration3.TestContactOverview" name="test_overview_404" time="0.069" /><testcase classname="tests.backend_test.TestAuth" name="test_login_success_and_cookie" time="0.290" /><testcase classname="tests.test_iteration3.TestProductFlags" name="test_show_in_b2b_filter" time="0.557" /><testcase classname="tests.backend_test.TestAuth" name="test_login_invalid" time="0.288" /><testcase classname="tests.test_iteration3.TestProductFlags" name="test_track_stock_blocks_adjust" time="0.350" /><testcase classname="tests.test_iteration4.TestPreferences" name="test_update_and_persist_module_order" time="0.194" /><testcase classname="tests.test_iteration4.TestPreferences" name="test_disallowed_key_ignored" time="0.102" /><testcase classname="tests.test_iteration5.TestAttendance" name="test_check_in_out_and_absent" time="0.184" /><testcase classname="tests.test_iteration4.TestCompany" name="test_get_and_update_company" time="0.301" /><testcase classname="tests.test_iteration5.TestAttendance" name="test_attendance_bad_employee_404" time="0.083" /><testcase classname="tests.test_iteration5.TestInvoiceDraft" name="test_update_draft_recalculates" time="0.236" /><testcase classname="tests.test_iteration4.TestCompany" name="test_get_company_404" time="0.078" /><testcase classname="tests.test_iteration6.TestSendToGib" name="test_paper" time="0.179" /><testcase classname="tests.test_iteration5.TestInvoiceDraft" name="test_update_invoice_404" time="0.030" /><testcase classname="tests.test_iteration6.TestInstallmentPreview" name="test_preview" time="0.076" /><testcase classname="tests.test_iteration6.TestSendToGib" name="test_e_invoice" time="0.173" /><testcase classname="tests.test_iteration6.TestInstallmentPreview" name="test_preview_down_exceeds_total" time="0.033" /><testcase classname="tests.test_iteration6.TestPartnerPayment" name="test_record_payment_via_partner" time="0.308" /><testcase classname="tests.test_iteration6.TestInstallmentCRUD" name="test_full_flow" time="0.682"><failure message="assert -107819.22 == -109019.22 ± 0.02&#10;  &#10;  comparison failed&#10;  Obtained: -107819.22&#10;  Expected: -109019.22 ± 0.02">self = &lt;test_iteration6.TestInstallmentCRUD object at 0xff27bbbd6850&gt;
api = &lt;requests.sessions.Session object at 0xff27bbace010&gt;
created = {'invoices': ['a8666eec-1424-47d4-815a-865f921b81ed', '3d64230c-eb96-4be6-bf2c-568090ce95b9', '76c52700-b6e8-448a-ba55-c603f6123571'], 'contacts': [], 'quotes': []}

    def test_full_flow(self, api, created):
        inv = _mk_invoice(api, created)  # grand_total 240
        iid = inv["id"]
        cfg = {"count": 3, "down_payment": 40, "interval": "month", "first_due_date": "2026-10-01"}
        r = api.post(f"{BASE}/invoices/{iid}/installments", json=cfg)
        assert r.status_code == 200, r.text
        rows = r.json()
        assert len(rows) == 4
        assert round(sum(x["amount"] for x in rows), 2) == 240
    
        g = api.get(f"{BASE}/invoices/{iid}/installments")
        assert g.status_code == 200
        rows = g.json()
        assert all("is_overdue" in x and "days_left" in x for x in rows)
    
        lst = api.get(f"{BASE}/invoices?company_id={COMPANY}").json()
        row = next(x for x in lst if x["id"] == iid)
        assert row["installment_plan"]["count"] == 4
        assert row["installment_plan"]["paid_count"] == 0
    
        # filters
        for st in ("pending", "overdue", "paid"):
            fr = api.get(f"{BASE}/installments?company_id={COMPANY}&amp;status={st}")
            assert fr.status_code == 200, fr.text
            assert isinstance(fr.json(), list)
        for d in ("receivable", "payable"):
            fr = api.get(f"{BASE}/installments?company_id={COMPANY}&amp;direction={d}")
            assert fr.status_code == 200
            assert all(x["direction"] == d for x in fr.json())
    
        # summary
        sm = api.get(f"{BASE}/installments/summary?company_id={COMPANY}")
        assert sm.status_code == 200, sm.text
        s = sm.json()
        for k in ("overdue", "this_month", "pending_receivable", "pending_payable", "paid_total"):
            assert k in s
    
        # pay one installment via bank account
        accs = api.get(f"{BASE}/banking/accounts?company_id={COMPANY}").json()
        acc = next((a for a in accs if a.get("type") in ("bank", "cash_box", "pos")), None) if accs else None
        assert acc, "no bank accounts seeded"
        acc_id = acc["id"]
        contact_before = next(c for c in api.get(f"{BASE}/contacts?company_id={COMPANY}").json() if c["id"] == "cnt_01")["balance"]
        target = rows[0]
        pr = api.post(f"{BASE}/installments/{target['id']}/pay", json={"account_id": acc_id})
        assert pr.status_code == 200, pr.text
        assert pr.json()["installment_status"] == "paid"
    
        rows2 = api.get(f"{BASE}/invoices/{iid}/installments").json()
        assert next(x for x in rows2 if x["id"] == target["id"])["status"] == "paid"
        inv_row = next(x for x in api.get(f"{BASE}/invoices?company_id={COMPANY}").json() if x["id"] == iid)
        assert inv_row["paid_amount"] == pytest.approx(target["amount"], abs=0.02)
        assert inv_row["installment_plan"]["paid_count"] == 1
    
        txs = api.get(f"{BASE}/banking/transactions?company_id={COMPANY}").json()
        assert any(t.get("related_invoice_id") == iid and t["type"] == "inflow" for t in txs)
    
        contact_after = next(c for c in api.get(f"{BASE}/contacts?company_id={COMPANY}").json() if c["id"] == "cnt_01")["balance"]
&gt;       assert contact_after == pytest.approx(contact_before - target["amount"], abs=0.02)
E       assert -107819.22 == -109019.22 ± 0.02
E         
E         comparison failed
E         Obtained: -107819.22
E         Expected: -109019.22 ± 0.02

tests/test_iteration6.py:174: AssertionError</failure></testcase><testcase classname="tests.test_iteration6.TestPartnerPayment" name="test_installment_pay_via_partner" time="0.194" /><testcase classname="tests.test_iteration6.TestQuotePaymentPlan" name="test_plan_and_convert" time="0.311" /><testcase classname="tests.test_iteration6.TestQuotePaymentPlan" name="test_plan_remove" time="0.230" /><testcase classname="tests.test_iteration6.TestInstallmentCRUD" name="test_delete_without_paid" time="0.224" /><testcase classname="tests.test_iteration7.TestBankTransactionEdit" name="test_create_update_delete_reverts_balances" time="0.647" /><testcase classname="tests.test_iteration6.TestPrintTemplates" name="test_defaults_and_persist" time="0.277" /><testcase classname="tests.test_iteration6.TestPrintTemplates" name="test_invalid_doc_type" time="0.140" /><testcase classname="tests.test_iteration7.TestContactTerms" name="test_aging" time="0.030" /><testcase classname="tests.test_iteration7.TestContactTerms" name="test_apply_terms_and_auto_due_date" time="0.331" /><testcase classname="tests.test_iteration7.TestBankTransactionEdit" name="test_bank_sync_tx_not_editable" time="0.189" /><testcase classname="tests.test_iteration7.TestBalanceInstallments" name="test_full_balance_installment_flow" time="0.103"><failure message="AssertionError: {&quot;detail&quot;:&quot;Ödemesi başlamış bakiye taksit planı yeniden oluşturulamaz.&quot;}&#10;assert 400 == 200&#10; +  where 400 = &lt;Response [400]&gt;.status_code">self = &lt;test_iteration7.TestBalanceInstallments object at 0xff27bba1d010&gt;
s = &lt;requests.sessions.Session object at 0xff27bbaac510&gt;
contact = {'_id': 'cnt_02', 'company_id': 'comp_nexus_main_01', 'type': 'customer', 'name': 'Anadolu Elektronik Tic. Ltd. Şti.', ...}

    def test_full_balance_installment_flow(self, s, contact):
        cid = contact["id"]
        r = s.post(f"{BASE}/contacts/{cid}/installments",
                   json={"count": 2, "interval": "month", "first_due_date": "2026-10-01"}, timeout=60)
&gt;       assert r.status_code == 200, r.text
E       AssertionError: {"detail":"Ödemesi başlamış bakiye taksit planı yeniden oluşturulamaz."}
E       assert 400 == 200
E        +  where 400 = &lt;Response [400]&gt;.status_code

tests/test_iteration7.py:166: AssertionError</failure></testcase><testcase classname="tests.test_iteration7.TestInvoiceEdit" name="test_approved_invoice_only_notes_due" time="0.244" /><testcase classname="tests.test_iteration7.TestBalanceInstallments" name="test_cleanup_balance_installments" time="0.032" /><testcase classname="tests.test_iteration7.TestCategories" name="test_category_crud" time="0.350" /><testcase classname="tests.test_iteration7.TestInvoiceEdit" name="test_draft_general_discount_recompute" time="0.213" /><testcase classname="tests.backend_test.TestContactLocation" name="test_location_persist" time="0.084" /><testcase classname="tests.test_iteration7.TestCategories" name="test_new_product_category_auto_added" time="0.357" /><testcase classname="tests.test_iteration7.TestLoginBruteForce" name="test_lockout_after_5_attempts" time="0.469" /></testsuite></testsuites>