<?xml version="1.0" encoding="utf-8"?><testsuites name="pytest tests"><testsuite name="pytest" errors="0" failures="0" skipped="0" tests="19" time="2.015" timestamp="2026-09-04T00:57:15.070595+00:00" hostname="agent-env-3039e7a6-2a7f-49f6-9f74-ba3c1bc0bad6"><testcase classname="tests.test_iteration9.TestRecipeAutoCode" name="test_recipe_without_code_autogenerates" time="0.243" /><testcase classname="tests.test_iteration9.TestRecipeAutoCode" name="test_cleanup_recipe" time="0.075" /><testcase classname="tests.test_iteration9.TestNoMongoId" name="test_no_underscore_id[/contacts?company_id=comp_nexus_main_01]" time="0.030" /><testcase classname="tests.test_iteration9.TestNoMongoId" name="test_no_underscore_id[/invoices?company_id=comp_nexus_main_01]" time="0.031" /><testcase classname="tests.test_iteration9.TestNoMongoId" name="test_no_underscore_id[/production/work-orders?company_id=comp_nexus_main_01]" time="0.073" /><testcase classname="tests.test_iteration9.TestNoMongoId" name="test_no_underscore_id[/products?company_id=comp_nexus_main_01]" time="0.032" /><testcase classname="tests.test_iteration9.TestNoMongoId" name="test_no_underscore_id[/production/recipes?company_id=comp_nexus_main_01]" time="0.072" /><testcase classname="tests.test_iteration9.TestNoMongoId" name="test_no_underscore_id[/production/orders?company_id=comp_nexus_main_01]" time="0.071" /><testcase classname="tests.test_iteration9.TestNoMongoId" name="test_no_underscore_id[/quotes?company_id=comp_nexus_main_01]" time="0.031" /><testcase classname="tests.test_iteration9.TestNoMongoId" name="test_contact_detail_no_id" time="0.103" /><testcase classname="tests.test_iteration9.TestContactFlags" name="test_flags_shape" time="0.072" /><testcase classname="tests.test_iteration9.TestContactFlags" name="test_cnt_01_has_due_installment" time="0.000" /><testcase classname="tests.test_iteration9.TestContactFlags" name="test_flags_days_param" time="0.140" /><testcase classname="tests.test_iteration9.TestWorkOrderFinishValidation" name="test_setup_order" time="0.300" /><testcase classname="tests.test_iteration9.TestWorkOrderFinishValidation" name="test_finish_over_planned_rejected" time="0.072" /><testcase classname="tests.test_iteration9.TestWorkOrderFinishValidation" name="test_finish_negative_rejected" time="0.069" /><testcase classname="tests.test_iteration9.TestWorkOrderFinishValidation" name="test_finish_within_planned_ok" time="0.073" /><testcase classname="tests.test_iteration9.TestWorkOrderFinishValidation" name="test_finish_last_step_does_not_change_purchase_price" time="0.281" /><testcase classname="tests.test_iteration9.TestWorkOrderFinishValidation" name="test_cleanup" time="0.170" /></testsuite></testsuites>