<?xml version="1.0" encoding="utf-8"?><testsuites name="pytest tests"><testsuite name="pytest" errors="0" failures="4" skipped="0" tests="32" time="2.831" timestamp="2026-09-04T01:36:47.303250+00:00" hostname="agent-env-3039e7a6-2a7f-49f6-9f74-ba3c1bc0bad6"><testcase classname="tests.test_iteration10.TestReports" name="test_sales_group_contact" time="0.108" /><testcase classname="tests.test_iteration10.TestReports" name="test_sales_group_month_keys" time="0.068" /><testcase classname="tests.test_iteration10.TestReports" name="test_sales_group_product_rows" time="0.068" /><testcase classname="tests.test_iteration10.TestReports" name="test_sales_date_filter_narrows" time="0.147" /><testcase classname="tests.test_iteration10.TestReports" name="test_purchases" time="0.069" /><testcase classname="tests.test_iteration10.TestReports" name="test_aging_buckets" time="0.071" /><testcase classname="tests.test_iteration10.TestReports" name="test_stock_totals" time="0.029" /><testcase classname="tests.test_iteration10.TestReports" name="test_cashflow_totals" time="0.070" /><testcase classname="tests.test_iteration10.TestReports" name="test_vat" time="0.071" /><testcase classname="tests.test_iteration10.TestReports" name="test_profit" time="0.070" /><testcase classname="tests.test_iteration10.TestReports" name="test_unknown_kind_404" time="0.070" /><testcase classname="tests.test_iteration10.TestReports" name="test_no_mongo_id_leak" time="0.370" /><testcase classname="tests.test_iteration10.TestCargoCatalog" name="test_catalog_14_items" time="0.029" /><testcase classname="tests.test_iteration10.TestCargoCatalog" name="test_add_marketplace_connected" time="0.097" /><testcase classname="tests.test_iteration10.TestCargoCatalog" name="test_duplicate_400" time="0.068" /><testcase classname="tests.test_iteration10.TestCargoCatalog" name="test_unknown_code_400" time="0.068" /><testcase classname="tests.test_iteration10.TestCargoCatalog" name="test_add_without_key_not_configured" time="0.076" /><testcase classname="tests.test_iteration10.TestCargoCatalog" name="test_list_integrations_shows_added" time="0.068"><failure message="AssertionError: GET /integrations/cargo does not list newly added providers (got {'ptt', 'mng', 'yurtici', 'aras'})&#10;assert 'navlungo' in {'aras', 'mng', 'ptt', 'yurtici'}">self = &lt;test_iteration10.TestCargoCatalog object at 0xfc4827003350&gt;
s = &lt;requests.sessions.Session object at 0xfc4828c85b90&gt;

    def test_list_integrations_shows_added(self, s):
        r = s.get(f"{BASE}/integrations/cargo", params={"company_id": CO})
        assert r.status_code == 200, r.text
        codes = {x.get("carrier_code") for x in r.json()}
&gt;       assert "navlungo" in codes, f"GET /integrations/cargo does not list newly added providers (got {codes})"
E       AssertionError: GET /integrations/cargo does not list newly added providers (got {'ptt', 'mng', 'yurtici', 'aras'})
E       assert 'navlungo' in {'aras', 'mng', 'ptt', 'yurtici'}

tests/test_iteration10.py:189: AssertionError</failure></testcase><testcase classname="tests.test_iteration10.TestCargoCatalog" name="test_delete_removes" time="0.125" /><testcase classname="tests.test_iteration10.TestCargoCatalog" name="test_delete_unknown_404" time="0.070" /><testcase classname="tests.test_iteration10.TestPerformance" name="test_performance_shape" time="0.072" /><testcase classname="tests.test_iteration10.TestPerformance" name="test_performance_with_range" time="0.069" /><testcase classname="tests.test_iteration10.TestB2BPortal" name="test_enable_access_link" time="0.074" /><testcase classname="tests.test_iteration10.TestB2BPortal" name="test_b2b_access_unknown_contact_404" time="0.070" /><testcase classname="tests.test_iteration10.TestB2BPortal" name="test_portal_payload" time="0.032" /><testcase classname="tests.test_iteration10.TestB2BPortal" name="test_invalid_token_404" time="0.068" /><testcase classname="tests.test_iteration10.TestB2BPortal" name="test_create_order" time="0.061"><failure message="AssertionError: Internal Server Error&#10;assert 500 == 200&#10; +  where 500 = &lt;Response [500]&gt;.status_code">self = &lt;test_iteration10.TestB2BPortal object at 0xfc482701d250&gt;
s = &lt;requests.sessions.Session object at 0xfc4828c85b90&gt;

    def test_create_order(self, s):
        portal = s.get(f"{BASE}/public/b2b/{TOKEN}").json()
        prod = next(p for p in portal["products"] if p["id"] == "prod_01")
        r = s.post(f"{BASE}/public/b2b/{TOKEN}/orders", json={"items": [{"product_id": "prod_01", "quantity": 2}], "note": "TEST_it10"})
&gt;       assert r.status_code == 200, r.text
E       AssertionError: Internal Server Error
E       assert 500 == 200
E        +  where 500 = &lt;Response [500]&gt;.status_code

tests/test_iteration10.py:271: AssertionError</failure></testcase><testcase classname="tests.test_iteration10.TestB2BPortal" name="test_order_visible_in_orders_and_portal" time="0.000"><failure message="AssertionError: assert None&#10; +  where None = &lt;class 'test_iteration10.TestB2BPortal'&gt;.order_id&#10; +    where &lt;class 'test_iteration10.TestB2BPortal'&gt; = &lt;test_iteration10.TestB2BPortal object at 0xfc482701d810&gt;.__class__">self = &lt;test_iteration10.TestB2BPortal object at 0xfc482701d810&gt;
s = &lt;requests.sessions.Session object at 0xfc4828c85b90&gt;

    def test_order_visible_in_orders_and_portal(self, s):
&gt;       assert self.__class__.order_id
E       AssertionError: assert None
E        +  where None = &lt;class 'test_iteration10.TestB2BPortal'&gt;.order_id
E        +    where &lt;class 'test_iteration10.TestB2BPortal'&gt; = &lt;test_iteration10.TestB2BPortal object at 0xfc482701d810&gt;.__class__

tests/test_iteration10.py:284: AssertionError</failure></testcase><testcase classname="tests.test_iteration10.TestB2BPortal" name="test_notification_created" time="0.030"><failure message="AssertionError: no b2b_order notification created&#10;assert []">self = &lt;test_iteration10.TestB2BPortal object at 0xfc482701ddd0&gt;
s = &lt;requests.sessions.Session object at 0xfc4828c85b90&gt;

    def test_notification_created(self, s):
        r = s.get(f"{BASE}/notifications", params={"company_id": CO})
        assert r.status_code == 200, r.text
        notes = r.json()
        items = notes if isinstance(notes, list) else notes.get("items", [])
        b2b = [n for n in items if n.get("type") == "b2b_order"]
&gt;       assert b2b, "no b2b_order notification created"
E       AssertionError: no b2b_order notification created
E       assert []

tests/test_iteration10.py:298: AssertionError</failure></testcase><testcase classname="tests.test_iteration10.TestB2BPortal" name="test_empty_items_400" time="0.134" /><testcase classname="tests.test_iteration10.TestB2BPortal" name="test_disable_then_reenable" time="0.301" /><testcase classname="tests.test_iteration10.TestB2BPortal" name="test_zz_cleanup_order" time="0.000" /></testsuite></testsuites>