<?xml version="1.0" encoding="utf-8"?><testsuites name="pytest tests"><testsuite name="pytest" errors="0" failures="0" skipped="0" tests="14" time="1.828" timestamp="2026-09-04T01:45:03.318398+00:00" hostname="agent-env-3039e7a6-2a7f-49f6-9f74-ba3c1bc0bad6"><testcase classname="tests.test_iteration11.TestB2BOrders" name="test_create_b2b_order_and_delete" time="0.395" /><testcase classname="tests.test_iteration11.TestUnits" name="test_defaults_with_counts" time="0.232" /><testcase classname="tests.test_iteration11.TestUnits" name="test_add_rename_delete" time="0.534" /><testcase classname="tests.test_iteration11.TestB2BOrders" name="test_empty_cart_400" time="0.027" /><testcase classname="tests.test_iteration11.TestB2BOrders" name="test_delete_unknown_order_404" time="0.068" /><testcase classname="tests.test_iteration11.TestB2BOrders" name="test_delete_invoiced_order_400" time="0.097" /><testcase classname="tests.test_iteration11.TestCargo" name="test_add_list_delete_geliver" time="0.465" /><testcase classname="tests.test_iteration11.TestUnits" name="test_empty_name_400" time="0.068" /><testcase classname="tests.test_iteration11.TestUnits" name="test_delete_used_unit_400" time="0.145" /><testcase classname="tests.test_iteration11.TestCategories" name="test_add_and_delete_unused_category" time="0.328" /><testcase classname="tests.test_iteration11.TestCargo" name="test_unknown_code_400" time="0.067" /><testcase classname="tests.test_iteration11.TestConvertToInvoice" name="test_already_invoiced_returns_info" time="0.109" /><testcase classname="tests.test_iteration11.TestConvertToInvoice" name="test_convert_paper_resolves_contact" time="0.286" /><testcase classname="tests.test_iteration11.TestCategories" name="test_delete_used_category_400" time="0.137" /></testsuite></testsuites>