<?xml version="1.0" encoding="utf-8"?><testsuites name="pytest tests"><testsuite name="pytest" errors="0" failures="0" skipped="0" tests="19" time="5.155" timestamp="2026-09-03T23:24:56.163347+00:00" hostname="agent-env-3039e7a6-2a7f-49f6-9f74-ba3c1bc0bad6"><testcase classname="tests.test_iteration6.TestGibLookup" name="test_vkn" time="0.099" /><testcase classname="tests.test_iteration6.TestGibLookup" name="test_tckn" time="0.074" /><testcase classname="tests.test_iteration6.TestGibLookup" name="test_invalid" time="0.058" /><testcase classname="tests.test_iteration6.TestGibLookup" name="test_local_contact" time="0.099" /><testcase classname="tests.test_iteration6.TestGeneralDiscount" name="test_rate" time="0.078" /><testcase classname="tests.test_iteration6.TestGeneralDiscount" name="test_amount" time="0.070" /><testcase classname="tests.test_iteration6.TestGeneralDiscount" name="test_item_discount_persisted" time="0.101" /><testcase classname="tests.test_iteration6.TestSendToGib" name="test_paper" time="0.173" /><testcase classname="tests.test_iteration6.TestSendToGib" name="test_e_invoice" time="0.196" /><testcase classname="tests.test_iteration6.TestInstallmentPreview" name="test_preview" time="0.069" /><testcase classname="tests.test_iteration6.TestInstallmentPreview" name="test_preview_down_exceeds_total" time="0.068" /><testcase classname="tests.test_iteration6.TestInstallmentCRUD" name="test_full_flow" time="1.134" /><testcase classname="tests.test_iteration6.TestInstallmentCRUD" name="test_delete_without_paid" time="0.309" /><testcase classname="tests.test_iteration6.TestPartnerPayment" name="test_record_payment_via_partner" time="0.536" /><testcase classname="tests.test_iteration6.TestPartnerPayment" name="test_installment_pay_via_partner" time="0.217" /><testcase classname="tests.test_iteration6.TestQuotePaymentPlan" name="test_plan_and_convert" time="0.342" /><testcase classname="tests.test_iteration6.TestQuotePaymentPlan" name="test_plan_remove" time="0.281" /><testcase classname="tests.test_iteration6.TestPrintTemplates" name="test_defaults_and_persist" time="0.265" /><testcase classname="tests.test_iteration6.TestPrintTemplates" name="test_invalid_doc_type" time="0.267" /></testsuite></testsuites>