<?xml version="1.0" encoding="utf-8"?><testsuites name="pytest tests"><testsuite name="pytest" errors="0" failures="0" skipped="0" tests="22" time="6.261" timestamp="2026-09-04T00:16:43.672340+00:00" hostname="agent-env-3039e7a6-2a7f-49f6-9f74-ba3c1bc0bad6"><testcase classname="tests.test_iteration7.TestBankTransactionEdit" name="test_create_update_delete_reverts_balances" time="0.628" /><testcase classname="tests.test_iteration7.TestBankTransactionEdit" name="test_bank_sync_tx_not_editable" time="0.171" /><testcase classname="tests.test_iteration7.TestInvoiceEdit" name="test_approved_invoice_only_notes_due" time="0.241" /><testcase classname="tests.test_iteration7.TestInvoiceEdit" name="test_draft_general_discount_recompute" time="0.209" /><testcase classname="tests.test_iteration7.TestContactTerms" name="test_aging" time="0.028" /><testcase classname="tests.test_iteration7.TestContactTerms" name="test_apply_terms_and_auto_due_date" time="0.346" /><testcase classname="tests.test_iteration7.TestBalanceInstallments" name="test_full_balance_installment_flow" time="0.457" /><testcase classname="tests.test_iteration7.TestBalanceInstallments" name="test_cleanup_balance_installments" time="0.100" /><testcase classname="tests.test_iteration7.TestQuoteApproval" name="test_send_approval" time="0.170" /><testcase classname="tests.test_iteration7.TestQuoteApproval" name="test_no_channel_400" time="0.069" /><testcase classname="tests.test_iteration7.TestQuoteApproval" name="test_email_channel_without_account_fails_gracefully" time="0.072" /><testcase classname="tests.test_iteration7.TestQuoteApproval" name="test_public_view_and_respond" time="0.555" /><testcase classname="tests.test_iteration7.TestQuoteApproval" name="test_notification_created_and_read" time="0.278" /><testcase classname="tests.test_iteration7.TestProduction" name="test_list_recipes_has_unit_cost" time="0.029" /><testcase classname="tests.test_iteration7.TestProduction" name="test_create_recipe_fills_cost" time="0.156" /><testcase classname="tests.test_iteration7.TestProduction" name="test_update_recipe" time="0.070" /><testcase classname="tests.test_iteration7.TestProduction" name="test_requirements" time="0.068" /><testcase classname="tests.test_iteration7.TestProduction" name="test_order_lifecycle" time="1.220" /><testcase classname="tests.test_iteration7.TestProduction" name="test_delete_recipe" time="0.097" /><testcase classname="tests.test_iteration7.TestCategories" name="test_category_crud" time="0.351" /><testcase classname="tests.test_iteration7.TestCategories" name="test_new_product_category_auto_added" time="0.351" /><testcase classname="tests.test_iteration7.TestLoginBruteForce" name="test_lockout_after_5_attempts" time="0.536" /></testsuite></testsuites>